TN:
SF:src\app.ts
FN:45,(anonymous_1)
FN:51,(anonymous_2)
FN:135,(anonymous_3)
FN:136,(anonymous_4)
FN:152,(anonymous_5)
FN:166,(anonymous_6)
FN:187,(anonymous_7)
FNF:7
FNH:0
FNDA:0,(anonymous_1)
FNDA:0,(anonymous_2)
FNDA:0,(anonymous_3)
FNDA:0,(anonymous_4)
FNDA:0,(anonymous_5)
FNDA:0,(anonymous_6)
FNDA:0,(anonymous_7)
DA:1,0
DA:2,0
DA:3,0
DA:4,0
DA:5,0
DA:6,0
DA:7,0
DA:8,0
DA:10,0
DA:15,0
DA:20,0
DA:30,0
DA:44,0
DA:45,0
DA:46,0
DA:49,0
DA:53,0
DA:54,0
DA:57,0
DA:58,0
DA:61,0
DA:62,0
DA:63,0
DA:72,0
DA:73,0
DA:78,0
DA:79,0
DA:81,0
DA:88,0
DA:102,0
DA:108,0
DA:125,0
DA:126,0
DA:127,0
DA:128,0
DA:129,0
DA:130,0
DA:135,0
DA:136,0
DA:137,0
DA:145,0
DA:152,0
DA:153,0
DA:166,0
DA:167,0
DA:182,0
DA:187,0
DA:188,0
DA:200,0
DA:202,0
LF:50
LH:0
BRDA:44,0,0,0
BRDA:44,0,1,0
BRDA:53,1,0,0
BRDA:53,1,1,0
BRDA:57,2,0,0
BRDA:57,2,1,0
BRDA:78,3,0,0
BRDA:78,3,1,0
BRF:8
BRH:0
end_of_record
TN:
SF:src\config\db.ts
FN:9,(anonymous_1)
FN:16,(anonymous_2)
FN:23,(anonymous_3)
FN:56,testDatabaseConnection
FN:70,closeDatabaseConnection
FNF:5
FNH:0
FNDA:0,(anonymous_1)
FNDA:0,(anonymous_2)
FNDA:0,(anonymous_3)
FNDA:0,testDatabaseConnection
FNDA:0,closeDatabaseConnection
DA:1,0
DA:2,0
DA:5,0
DA:10,0
DA:11,0
DA:17,0
DA:18,0
DA:24,0
DA:25,0
DA:27,0
DA:28,0
DA:29,0
DA:30,0
DA:36,0
DA:40,0
DA:41,0
DA:51,0
DA:56,0
DA:57,0
DA:58,0
DA:59,0
DA:60,0
DA:62,0
DA:63,0
DA:70,0
DA:71,0
DA:72,0
DA:73,0
DA:75,0
LF:29
LH:0
BRDA:10,0,0,0
BRDA:10,0,1,0
BRDA:17,1,0,0
BRDA:17,1,1,0
BRDA:17,2,0,0
BRDA:17,2,1,0
BRDA:24,3,0,0
BRDA:24,3,1,0
BRDA:27,4,0,0
BRDA:27,4,1,0
BRDA:28,5,0,0
BRDA:28,5,1,0
BRDA:29,6,0,0
BRDA:29,6,1,0
BRDA:40,7,0,0
BRDA:40,7,1,0
BRDA:41,8,0,0
BRDA:41,8,1,0
BRF:18
BRH:0
end_of_record
TN:
SF:src\config\env.ts
FN:35,validateEnv
FN:42,(anonymous_2)
FNF:2
FNH:0
FNDA:0,validateEnv
FNDA:0,(anonymous_2)
DA:2,0
DA:5,0
DA:36,0
DA:42,0
DA:44,0
DA:45,0
DA:48,0
DA:51,0
DA:95,0
DA:97,0
DA:98,0
DA:99,0
DA:100,0
DA:101,0
LF:14
LH:0
BRDA:44,0,0,0
BRDA:44,0,1,0
BRDA:53,1,0,0
BRDA:53,1,1,0
BRDA:55,2,0,0
BRDA:55,2,1,0
BRDA:64,3,0,0
BRDA:64,3,1,0
BRDA:65,4,0,0
BRDA:65,4,1,0
BRDA:66,5,0,0
BRDA:66,5,1,0
BRDA:69,6,0,0
BRDA:69,6,1,0
BRDA:73,7,0,0
BRDA:73,7,1,0
BRDA:74,8,0,0
BRDA:74,8,1,0
BRDA:75,9,0,0
BRDA:75,9,1,0
BRDA:76,10,0,0
BRDA:76,10,1,0
BRDA:79,11,0,0
BRDA:79,11,1,0
BRDA:80,12,0,0
BRDA:80,12,1,0
BRDA:84,13,0,0
BRDA:84,13,1,0
BRDA:85,14,0,0
BRDA:85,14,1,0
BRDA:88,15,0,0
BRDA:88,15,1,0
BRDA:91,16,0,0
BRDA:91,16,1,0
BRDA:97,17,0,0
BRDA:97,17,1,0
BRF:36
BRH:0
end_of_record
TN:
SF:src\config\gallabox.ts
FNF:0
FNH:0
DA:2,0
DA:3,0
DA:5,0
LF:3
LH:0
BRDA:6,0,0,0
BRDA:6,0,1,0
BRDA:8,1,0,0
BRDA:8,1,1,0
BRDA:9,2,0,0
BRDA:9,2,1,0
BRF:6
BRH:0
end_of_record
TN:
SF:src\config\logger.ts
FN:17,(anonymous_1)
FN:64,maskSensitiveData
FN:105,logWithContext
FNF:3
FNH:0
FNDA:0,(anonymous_1)
FNDA:0,maskSensitiveData
FNDA:0,logWithContext
DA:2,0
DA:3,0
DA:6,0
DA:14,0
DA:18,0
DA:19,0
DA:20,0
DA:22,0
DA:27,0
DA:40,0
DA:42,0
DA:52,0
DA:64,0
DA:65,0
DA:66,0
DA:69,0
DA:70,0
DA:83,0
DA:84,0
DA:85,0
DA:90,0
DA:91,0
DA:95,0
DA:96,0
DA:99,0
DA:105,0
DA:110,0
DA:111,0
DA:114,0
LF:29
LH:0
BRDA:19,0,0,0
BRDA:19,0,1,0
BRDA:28,1,0,0
BRDA:28,1,1,0
BRDA:34,2,0,0
BRDA:34,2,1,0
BRDA:40,3,0,0
BRDA:40,3,1,0
BRDA:65,4,0,0
BRDA:65,4,1,0
BRDA:65,5,0,0
BRDA:65,5,1,0
BRDA:84,6,0,0
BRDA:84,6,1,0
BRDA:90,7,0,0
BRDA:90,7,1,0
BRDA:90,8,0,0
BRDA:90,8,1,0
BRDA:95,9,0,0
BRDA:95,9,1,0
BRDA:95,10,0,0
BRDA:95,10,1,0
BRDA:110,11,0,0
BRDA:110,11,1,0
BRF:24
BRH:0
end_of_record
TN:
SF:src\controllers\analytics.controller.ts
FN:13,(anonymous_0)
FN:38,(anonymous_1)
FN:57,(anonymous_2)
FN:83,(anonymous_3)
FNF:4
FNH:0
FNDA:0,(anonymous_0)
FNDA:0,(anonymous_1)
FNDA:0,(anonymous_2)
FNDA:0,(anonymous_3)
DA:3,0
DA:5,0
DA:6,0
DA:8,0
DA:18,0
DA:19,0
DA:20,0
DA:23,0
DA:28,0
DA:30,0
DA:39,0
DA:40,0
DA:41,0
DA:45,0
DA:47,0
DA:49,0
DA:58,0
DA:59,0
DA:60,0
DA:65,0
DA:66,0
DA:71,0
DA:73,0
DA:75,0
DA:84,0
DA:85,0
DA:89,0
DA:91,0
DA:93,0
DA:98,0
LF:30
LH:0
BRDA:19,0,0,0
BRDA:19,0,1,0
BRDA:40,1,0,0
BRDA:40,1,1,0
BRDA:41,2,0,0
BRDA:41,2,1,0
BRDA:59,3,0,0
BRDA:59,3,1,0
BRDA:60,4,0,0
BRDA:60,4,1,0
BRDA:65,5,0,0
BRDA:65,5,1,0
BRDA:85,6,0,0
BRDA:85,6,1,0
BRF:14
BRH:0
end_of_record
TN:
SF:src\controllers\appointment.controller.ts
FN:16,(anonymous_0)
FN:51,(anonymous_1)
FN:69,(anonymous_2)
FN:85,(anonymous_3)
FN:114,(anonymous_4)
FN:132,(anonymous_5)
FN:149,(anonymous_6)
FN:166,(anonymous_7)
FNF:8
FNH:0
FNDA:0,(anonymous_0)
FNDA:0,(anonymous_1)
FNDA:0,(anonymous_2)
FNDA:0,(anonymous_3)
FNDA:0,(anonymous_4)
FNDA:0,(anonymous_5)
FNDA:0,(anonymous_6)
FNDA:0,(anonymous_7)
DA:3,0
DA:5,0
DA:6,0
DA:12,0
DA:17,0
DA:18,0
DA:20,0
DA:22,0
DA:23,0
DA:25,0
DA:26,0
DA:28,0
DA:29,0
DA:31,0
DA:32,0
DA:34,0
DA:35,0
DA:38,0
DA:42,0
DA:44,0
DA:56,0
DA:57,0
DA:58,0
DA:59,0
DA:60,0
DA:62,0
DA:70,0
DA:71,0
DA:72,0
DA:76,0
DA:78,0
DA:86,0
DA:87,0
DA:90,0
DA:91,0
DA:96,0
DA:100,0
DA:105,0
DA:107,0
DA:115,0
DA:116,0
DA:117,0
DA:118,0
DA:123,0
DA:125,0
DA:137,0
DA:138,0
DA:139,0
DA:144,0
DA:146,0
DA:150,0
DA:151,0
DA:152,0
DA:156,0
DA:158,0
DA:167,0
DA:168,0
DA:169,0
DA:170,0
DA:176,0
DA:181,0
LF:61
LH:0
BRDA:18,0,0,0
BRDA:18,0,1,0
BRDA:22,1,0,0
BRDA:22,1,1,0
BRDA:25,2,0,0
BRDA:25,2,1,0
BRDA:28,3,0,0
BRDA:28,3,1,0
BRDA:31,4,0,0
BRDA:31,4,1,0
BRDA:34,5,0,0
BRDA:34,5,1,0
BRDA:57,6,0,0
BRDA:57,6,1,0
BRDA:71,7,0,0
BRDA:71,7,1,0
BRDA:87,8,0,0
BRDA:87,8,1,0
BRDA:90,9,0,0
BRDA:90,9,1,0
BRDA:116,10,0,0
BRDA:116,10,1,0
BRDA:151,11,0,0
BRDA:151,11,1,0
BRDA:168,12,0,0
BRDA:168,12,1,0
BRF:26
BRH:0
end_of_record
TN:
SF:src\controllers\auth.controllers.ts
FN:12,(anonymous_0)
FN:26,(anonymous_1)
FN:40,(anonymous_2)
FN:58,(anonymous_3)
FN:79,(anonymous_4)
FN:94,(anonymous_5)
FN:109,(anonymous_6)
FNF:7
FNH:0
FNDA:0,(anonymous_0)
FNDA:0,(anonymous_1)
FNDA:0,(anonymous_2)
FNDA:0,(anonymous_3)
FNDA:0,(anonymous_4)
FNDA:0,(anonymous_5)
FNDA:0,(anonymous_6)
DA:3,0
DA:4,0
DA:7,0
DA:13,0
DA:14,0
DA:15,0
DA:16,0
DA:18,0
DA:27,0
DA:28,0
DA:29,0
DA:30,0
DA:32,0
DA:45,0
DA:46,0
DA:47,0
DA:48,0
DA:50,0
DA:63,0
DA:64,0
DA:65,0
DA:69,0
DA:71,0
DA:80,0
DA:81,0
DA:82,0
DA:83,0
DA:85,0
DA:95,0
DA:96,0
DA:97,0
DA:98,0
DA:99,0
DA:101,0
DA:110,0
DA:111,0
DA:112,0
DA:113,0
DA:115,0
DA:120,0
LF:40
LH:0
BRF:0
BRH:0
end_of_record
TN:
SF:src\controllers\booking.controller.ts
FN:11,(anonymous_1)
FN:83,(anonymous_2)
FN:125,(anonymous_3)
FN:165,(anonymous_4)
FN:210,(anonymous_5)
FN:248,(anonymous_6)
FNF:6
FNH:0
FNDA:0,(anonymous_1)
FNDA:0,(anonymous_2)
FNDA:0,(anonymous_3)
FNDA:0,(anonymous_4)
FNDA:0,(anonymous_5)
FNDA:0,(anonymous_6)
DA:3,0
DA:4,0
DA:12,0
DA:13,0
DA:14,0
DA:18,0
DA:28,0
DA:31,0
DA:38,0
DA:43,0
DA:47,0
DA:48,0
DA:52,0
DA:56,0
DA:65,0
DA:71,0
DA:72,0
DA:84,0
DA:85,0
DA:86,0
DA:90,0
DA:93,0
DA:95,0
DA:96,0
DA:100,0
DA:103,0
DA:108,0
DA:113,0
DA:114,0
DA:126,0
DA:127,0
DA:128,0
DA:132,0
DA:135,0
DA:137,0
DA:138,0
DA:139,0
DA:140,0
DA:141,0
DA:143,0
DA:148,0
DA:153,0
DA:154,0
DA:166,0
DA:167,0
DA:168,0
DA:172,0
DA:175,0
DA:177,0
DA:178,0
DA:182,0
DA:185,0
DA:187,0
DA:193,0
DA:198,0
DA:199,0
DA:211,0
DA:212,0
DA:214,0
DA:215,0
DA:219,0
DA:222,0
DA:228,0
DA:236,0
DA:237,0
DA:249,0
DA:250,0
DA:251,0
DA:255,0
DA:268,0
DA:271,0
DA:280,0
DA:285,0
DA:289,0
DA:290,0
DA:294,0
DA:298,0
DA:310,0
DA:317,0
DA:318,0
DA:326,0
LF:81
LH:0
BRDA:13,0,0,0
BRDA:13,0,1,0
BRDA:31,1,0,0
BRDA:31,1,1,0
BRDA:32,2,0,0
BRDA:32,2,1,0
BRDA:32,2,2,0
BRDA:32,2,3,0
BRDA:32,2,4,0
BRDA:47,3,0,0
BRDA:47,3,1,0
BRDA:47,4,0,0
BRDA:47,4,1,0
BRDA:74,5,0,0
BRDA:74,5,1,0
BRDA:85,6,0,0
BRDA:85,6,1,0
BRDA:95,7,0,0
BRDA:95,7,1,0
BRDA:116,8,0,0
BRDA:116,8,1,0
BRDA:127,9,0,0
BRDA:127,9,1,0
BRDA:138,10,0,0
BRDA:138,10,1,0
BRDA:139,11,0,0
BRDA:139,11,1,0
BRDA:140,12,0,0
BRDA:140,12,1,0
BRDA:141,13,0,0
BRDA:141,13,1,0
BRDA:156,14,0,0
BRDA:156,14,1,0
BRDA:167,15,0,0
BRDA:167,15,1,0
BRDA:177,16,0,0
BRDA:177,16,1,0
BRDA:201,17,0,0
BRDA:201,17,1,0
BRDA:214,18,0,0
BRDA:214,18,1,0
BRDA:214,19,0,0
BRDA:214,19,1,0
BRDA:214,19,2,0
BRDA:239,20,0,0
BRDA:239,20,1,0
BRDA:250,21,0,0
BRDA:250,21,1,0
BRDA:271,22,0,0
BRDA:271,22,1,0
BRDA:272,23,0,0
BRDA:272,23,1,0
BRDA:272,23,2,0
BRDA:272,23,3,0
BRDA:272,23,4,0
BRDA:272,23,5,0
BRDA:272,23,6,0
BRDA:289,24,0,0
BRDA:289,24,1,0
BRDA:289,25,0,0
BRDA:289,25,1,0
BRDA:320,26,0,0
BRDA:320,26,1,0
BRF:63
BRH:0
end_of_record
TN:
SF:src\controllers\centre.controller.ts
FN:12,(anonymous_0)
FN:26,(anonymous_1)
FN:44,(anonymous_2)
FN:57,(anonymous_3)
FN:75,(anonymous_4)
FN:93,(anonymous_5)
FNF:6
FNH:0
FNDA:0,(anonymous_0)
FNDA:0,(anonymous_1)
FNDA:0,(anonymous_2)
FNDA:0,(anonymous_3)
FNDA:0,(anonymous_4)
FNDA:0,(anonymous_5)
DA:3,0
DA:4,0
DA:5,0
DA:7,0
DA:13,0
DA:14,0
DA:15,0
DA:16,0
DA:18,0
DA:27,0
DA:28,0
DA:29,0
DA:30,0
DA:33,0
DA:34,0
DA:36,0
DA:45,0
DA:46,0
DA:47,0
DA:49,0
DA:58,0
DA:59,0
DA:60,0
DA:61,0
DA:64,0
DA:65,0
DA:67,0
DA:76,0
DA:77,0
DA:78,0
DA:79,0
DA:82,0
DA:83,0
DA:85,0
DA:94,0
DA:95,0
DA:96,0
DA:97,0
DA:100,0
DA:101,0
DA:102,0
DA:108,0
DA:113,0
LF:43
LH:0
BRDA:29,0,0,0
BRDA:29,0,1,0
BRDA:60,1,0,0
BRDA:60,1,1,0
BRDA:78,2,0,0
BRDA:78,2,1,0
BRDA:96,3,0,0
BRDA:96,3,1,0
BRDA:105,4,0,0
BRDA:105,4,1,0
BRF:10
BRH:0
end_of_record
TN:
SF:src\controllers\health.controller.ts
FN:12,(anonymous_0)
FNF:1
FNH:0
FNDA:0,(anonymous_0)
DA:3,0
DA:4,0
DA:5,0
DA:7,0
DA:13,0
DA:14,0
DA:16,0
DA:25,0
DA:27,0
DA:32,0
LF:10
LH:0
BRDA:17,0,0,0
BRDA:17,0,1,0
BRDA:19,1,0,0
BRDA:19,1,1,0
BRF:4
BRH:0
end_of_record
TN:
SF:src\controllers\notification.controller.ts
FN:13,(anonymous_0)
FN:39,(anonymous_1)
FN:65,(anonymous_2)
FN:114,(anonymous_3)
FN:135,(anonymous_4)
FNF:5
FNH:0
FNDA:0,(anonymous_0)
FNDA:0,(anonymous_1)
FNDA:0,(anonymous_2)
FNDA:0,(anonymous_3)
FNDA:0,(anonymous_4)
DA:3,0
DA:4,0
DA:6,0
DA:8,0
DA:18,0
DA:19,0
DA:21,0
DA:22,0
DA:25,0
DA:29,0
DA:31,0
DA:44,0
DA:45,0
DA:47,0
DA:48,0
DA:51,0
DA:55,0
DA:57,0
DA:70,0
DA:71,0
DA:73,0
DA:74,0
DA:77,0
DA:78,0
DA:81,0
DA:82,0
DA:85,0
DA:86,0
DA:89,0
DA:90,0
DA:93,0
DA:94,0
DA:97,0
DA:98,0
DA:101,0
DA:105,0
DA:107,0
DA:119,0
DA:120,0
DA:122,0
DA:126,0
DA:128,0
DA:140,0
DA:141,0
DA:144,0
DA:146,0
DA:151,0
DA:153,0
DA:158,0
LF:49
LH:0
BRDA:21,0,0,0
BRDA:21,0,1,0
BRDA:47,1,0,0
BRDA:47,1,1,0
BRDA:73,2,0,0
BRDA:73,2,1,0
BRDA:77,3,0,0
BRDA:77,3,1,0
BRDA:81,4,0,0
BRDA:81,4,1,0
BRDA:85,5,0,0
BRDA:85,5,1,0
BRDA:89,6,0,0
BRDA:89,6,1,0
BRDA:93,7,0,0
BRDA:93,7,1,0
BRDA:97,8,0,0
BRDA:97,8,1,0
BRDA:141,9,0,0
BRDA:141,9,1,0
BRDA:144,10,0,0
BRDA:144,10,1,0
BRF:22
BRH:0
end_of_record
TN:
SF:src\controllers\patient-auth.controller.ts
FN:11,(anonymous_1)
FN:56,(anonymous_2)
FN:101,(anonymous_3)
FN:134,(anonymous_4)
FN:160,(anonymous_5)
FNF:5
FNH:0
FNDA:0,(anonymous_1)
FNDA:0,(anonymous_2)
FNDA:0,(anonymous_3)
FNDA:0,(anonymous_4)
FNDA:0,(anonymous_5)
DA:3,0
DA:4,0
DA:12,0
DA:13,0
DA:15,0
DA:16,0
DA:20,0
DA:24,0
DA:25,0
DA:26,0
DA:30,0
DA:33,0
DA:35,0
DA:44,0
DA:45,0
DA:57,0
DA:58,0
DA:60,0
DA:61,0
DA:65,0
DA:68,0
DA:75,0
DA:89,0
DA:90,0
DA:102,0
DA:103,0
DA:105,0
DA:106,0
DA:110,0
DA:113,0
DA:115,0
DA:122,0
DA:123,0
DA:135,0
DA:136,0
DA:138,0
DA:139,0
DA:142,0
DA:147,0
DA:149,0
DA:161,0
DA:162,0
DA:163,0
DA:167,0
DA:170,0
DA:174,0
DA:179,0
DA:180,0
DA:188,0
LF:49
LH:0
BRDA:15,0,0,0
BRDA:15,0,1,0
BRDA:25,1,0,0
BRDA:25,1,1,0
BRDA:47,2,0,0
BRDA:47,2,1,0
BRDA:60,3,0,0
BRDA:60,3,1,0
BRDA:60,4,0,0
BRDA:60,4,1,0
BRDA:77,5,0,0
BRDA:77,5,1,0
BRDA:92,6,0,0
BRDA:92,6,1,0
BRDA:105,7,0,0
BRDA:105,7,1,0
BRDA:125,8,0,0
BRDA:125,8,1,0
BRDA:138,9,0,0
BRDA:138,9,1,0
BRDA:162,10,0,0
BRDA:162,10,1,0
BRDA:182,11,0,0
BRDA:182,11,1,0
BRF:24
BRH:0
end_of_record
TN:
SF:src\controllers\patient-dashboard.controller.ts
FN:12,(anonymous_9)
FN:35,(anonymous_10)
FN:42,(anonymous_11)
FN:51,(anonymous_12)
FN:54,(anonymous_13)
FN:55,(anonymous_14)
FN:86,(anonymous_15)
FN:109,(anonymous_16)
FN:132,(anonymous_17)
FN:168,(anonymous_18)
FN:181,(anonymous_19)
FN:256,(anonymous_20)
FN:274,(anonymous_21)
FNF:13
FNH:0
FNDA:0,(anonymous_9)
FNDA:0,(anonymous_10)
FNDA:0,(anonymous_11)
FNDA:0,(anonymous_12)
FNDA:0,(anonymous_13)
FNDA:0,(anonymous_14)
FNDA:0,(anonymous_15)
FNDA:0,(anonymous_16)
FNDA:0,(anonymous_17)
FNDA:0,(anonymous_18)
FNDA:0,(anonymous_19)
FNDA:0,(anonymous_20)
FNDA:0,(anonymous_21)
DA:3,0
DA:4,0
DA:5,0
DA:7,0
DA:13,0
DA:14,0
DA:17,0
DA:18,0
DA:19,0
DA:23,0
DA:28,0
DA:33,0
DA:34,0
DA:36,0
DA:41,0
DA:43,0
DA:49,0
DA:50,0
DA:51,0
DA:53,0
DA:54,0
DA:55,0
DA:57,0
DA:78,0
DA:87,0
DA:88,0
DA:90,0
DA:91,0
DA:92,0
DA:95,0
DA:99,0
DA:101,0
DA:110,0
DA:111,0
DA:113,0
DA:114,0
DA:115,0
DA:118,0
DA:122,0
DA:124,0
DA:133,0
DA:134,0
DA:136,0
DA:137,0
DA:138,0
DA:141,0
DA:160,0
DA:169,0
DA:170,0
DA:172,0
DA:173,0
DA:174,0
DA:178,0
DA:180,0
DA:181,0
DA:182,0
DA:183,0
DA:184,0
DA:186,0
DA:187,0
DA:188,0
DA:189,0
DA:192,0
DA:193,0
DA:194,0
DA:195,0
DA:198,0
DA:199,0
DA:200,0
DA:202,0
DA:208,0
DA:213,0
DA:214,0
DA:221,0
DA:225,0
DA:248,0
DA:257,0
DA:258,0
DA:260,0
DA:261,0
DA:263,0
DA:264,0
DA:268,0
DA:269,0
DA:270,0
DA:274,0
DA:275,0
DA:285,0
DA:286,0
DA:290,0
DA:291,0
DA:294,0
DA:295,0
DA:298,0
DA:299,0
DA:318,0
DA:331,0
DA:342,0
DA:347,0
LF:99
LH:0
BRDA:14,0,0,0
BRDA:14,0,1,0
BRDA:18,1,0,0
BRDA:18,1,1,0
BRDA:36,2,0,0
BRDA:36,2,1,0
BRDA:36,2,2,0
BRDA:43,3,0,0
BRDA:43,3,1,0
BRDA:43,3,2,0
BRDA:88,4,0,0
BRDA:88,4,1,0
BRDA:91,5,0,0
BRDA:91,5,1,0
BRDA:111,6,0,0
BRDA:111,6,1,0
BRDA:114,7,0,0
BRDA:114,7,1,0
BRDA:134,8,0,0
BRDA:134,8,1,0
BRDA:137,9,0,0
BRDA:137,9,1,0
BRDA:170,10,0,0
BRDA:170,10,1,0
BRDA:173,11,0,0
BRDA:173,11,1,0
BRDA:180,12,0,0
BRDA:180,12,1,0
BRDA:180,13,0,0
BRDA:180,13,1,0
BRDA:186,14,0,0
BRDA:186,14,1,0
BRDA:192,15,0,0
BRDA:192,15,1,0
BRDA:198,16,0,0
BRDA:198,16,1,0
BRDA:213,17,0,0
BRDA:213,17,1,0
BRDA:258,18,0,0
BRDA:258,18,1,0
BRDA:263,19,0,0
BRDA:263,19,1,0
BRDA:269,20,0,0
BRDA:269,20,1,0
BRDA:285,21,0,0
BRDA:285,21,1,0
BRDA:290,22,0,0
BRDA:290,22,1,0
BRDA:294,23,0,0
BRDA:294,23,1,0
BRDA:298,24,0,0
BRDA:298,24,1,0
BRF:52
BRH:0
end_of_record
TN:
SF:src\controllers\patient.controller.ts
FN:11,(anonymous_0)
FN:26,(anonymous_1)
FN:39,(anonymous_2)
FN:51,(anonymous_3)
FN:64,(anonymous_4)
FN:81,(anonymous_5)
FNF:6
FNH:0
FNDA:0,(anonymous_0)
FNDA:0,(anonymous_1)
FNDA:0,(anonymous_2)
FNDA:0,(anonymous_3)
FNDA:0,(anonymous_4)
FNDA:0,(anonymous_5)
DA:3,0
DA:4,0
DA:7,0
DA:12,0
DA:13,0
DA:14,0
DA:16,0
DA:17,0
DA:19,0
DA:27,0
DA:28,0
DA:29,0
DA:30,0
DA:32,0
DA:40,0
DA:41,0
DA:42,0
DA:44,0
DA:52,0
DA:53,0
DA:54,0
DA:55,0
DA:57,0
DA:69,0
DA:70,0
DA:71,0
DA:72,0
DA:74,0
DA:82,0
DA:83,0
DA:85,0
DA:86,0
DA:91,0
DA:93,0
DA:98,0
LF:35
LH:0
BRDA:13,0,0,0
BRDA:13,0,1,0
BRDA:14,1,0,0
BRDA:14,1,1,0
BRDA:83,2,0,0
BRDA:83,2,1,0
BRF:6
BRH:0
end_of_record
TN:
SF:src\controllers\payment-link.controller.ts
FN:13,(anonymous_0)
FN:57,(anonymous_1)
FNF:2
FNH:0
FNDA:0,(anonymous_0)
FNDA:0,(anonymous_1)
DA:3,0
DA:4,0
DA:5,0
DA:8,0
DA:14,0
DA:23,0
DA:26,0
DA:27,0
DA:32,0
DA:33,0
DA:37,0
DA:47,0
DA:49,0
DA:58,0
DA:59,0
DA:61,0
DA:62,0
DA:65,0
DA:66,0
DA:68,0
DA:73,0
LF:21
LH:0
BRDA:26,0,0,0
BRDA:26,0,1,0
BRDA:26,1,0,0
BRDA:26,1,1,0
BRDA:26,1,2,0
BRDA:26,1,3,0
BRDA:32,2,0,0
BRDA:32,2,1,0
BRDA:61,3,0,0
BRDA:61,3,1,0
BRF:10
BRH:0
end_of_record
TN:
SF:src\controllers\payment.controller.ts
FN:11,(anonymous_1)
FN:54,(anonymous_2)
FN:112,(anonymous_3)
FN:143,(anonymous_4)
FN:185,(anonymous_5)
FN:227,(anonymous_6)
FNF:6
FNH:0
FNDA:0,(anonymous_1)
FNDA:0,(anonymous_2)
FNDA:0,(anonymous_3)
FNDA:0,(anonymous_4)
FNDA:0,(anonymous_5)
FNDA:0,(anonymous_6)
DA:3,0
DA:4,0
DA:12,0
DA:13,0
DA:14,0
DA:18,0
DA:21,0
DA:23,0
DA:24,0
DA:28,0
DA:31,0
DA:36,0
DA:42,0
DA:43,0
DA:55,0
DA:56,0
DA:57,0
DA:61,0
DA:69,0
DA:72,0
DA:78,0
DA:83,0
DA:86,0
DA:93,0
DA:100,0
DA:101,0
DA:113,0
DA:114,0
DA:116,0
DA:117,0
DA:121,0
DA:124,0
DA:126,0
DA:131,0
DA:132,0
DA:144,0
DA:145,0
DA:146,0
DA:150,0
DA:153,0
DA:155,0
DA:156,0
DA:160,0
DA:163,0
DA:168,0
DA:173,0
DA:174,0
DA:186,0
DA:187,0
DA:188,0
DA:192,0
DA:195,0
DA:197,0
DA:198,0
DA:199,0
DA:200,0
DA:202,0
DA:207,0
DA:215,0
DA:216,0
DA:228,0
DA:229,0
DA:230,0
DA:234,0
DA:237,0
DA:239,0
DA:240,0
DA:245,0
DA:248,0
DA:254,0
DA:260,0
DA:261,0
DA:269,0
LF:73
LH:0
BRDA:13,0,0,0
BRDA:13,0,1,0
BRDA:23,1,0,0
BRDA:23,1,1,0
BRDA:45,2,0,0
BRDA:45,2,1,0
BRDA:56,3,0,0
BRDA:56,3,1,0
BRDA:72,4,0,0
BRDA:72,4,1,0
BRDA:73,5,0,0
BRDA:73,5,1,0
BRDA:73,5,2,0
BRDA:73,5,3,0
BRDA:103,6,0,0
BRDA:103,6,1,0
BRDA:116,7,0,0
BRDA:116,7,1,0
BRDA:145,8,0,0
BRDA:145,8,1,0
BRDA:155,9,0,0
BRDA:155,9,1,0
BRDA:176,10,0,0
BRDA:176,10,1,0
BRDA:187,11,0,0
BRDA:187,11,1,0
BRDA:198,12,0,0
BRDA:198,12,1,0
BRDA:199,13,0,0
BRDA:199,13,1,0
BRDA:200,14,0,0
BRDA:200,14,1,0
BRDA:218,15,0,0
BRDA:218,15,1,0
BRDA:229,16,0,0
BRDA:229,16,1,0
BRDA:239,17,0,0
BRDA:239,17,1,0
BRDA:239,18,0,0
BRDA:239,18,1,0
BRDA:239,18,2,0
BRDA:263,19,0,0
BRDA:263,19,1,0
BRF:43
BRH:0
end_of_record
TN:
SF:src\controllers\staff.controller.ts
FN:12,(anonymous_0)
FN:29,(anonymous_1)
FN:42,(anonymous_2)
FN:54,(anonymous_3)
FN:67,(anonymous_4)
FN:80,(anonymous_5)
FN:105,(anonymous_6)
FN:121,(anonymous_7)
FN:136,(anonymous_8)
FN:152,(anonymous_9)
FN:165,(anonymous_10)
FN:187,(anonymous_11)
FN:205,(anonymous_12)
FN:225,(anonymous_13)
FN:242,(anonymous_14)
FN:254,(anonymous_15)
FN:270,(anonymous_16)
FN:286,(anonymous_17)
FNF:18
FNH:0
FNDA:0,(anonymous_0)
FNDA:0,(anonymous_1)
FNDA:0,(anonymous_2)
FNDA:0,(anonymous_3)
FNDA:0,(anonymous_4)
FNDA:0,(anonymous_5)
FNDA:0,(anonymous_6)
FNDA:0,(anonymous_7)
FNDA:0,(anonymous_8)
FNDA:0,(anonymous_9)
FNDA:0,(anonymous_10)
FNDA:0,(anonymous_11)
FNDA:0,(anonymous_12)
FNDA:0,(anonymous_13)
FNDA:0,(anonymous_14)
FNDA:0,(anonymous_15)
FNDA:0,(anonymous_16)
FNDA:0,(anonymous_17)
DA:3,0
DA:4,0
DA:6,0
DA:8,0
DA:13,0
DA:14,0
DA:15,0
DA:19,0
DA:20,0
DA:22,0
DA:30,0
DA:31,0
DA:32,0
DA:33,0
DA:35,0
DA:43,0
DA:44,0
DA:45,0
DA:47,0
DA:55,0
DA:56,0
DA:57,0
DA:58,0
DA:60,0
DA:68,0
DA:69,0
DA:70,0
DA:71,0
DA:73,0
DA:81,0
DA:82,0
DA:85,0
DA:89,0
DA:95,0
DA:96,0
DA:98,0
DA:106,0
DA:107,0
DA:108,0
DA:111,0
DA:112,0
DA:114,0
DA:122,0
DA:123,0
DA:126,0
DA:127,0
DA:129,0
DA:137,0
DA:138,0
DA:139,0
DA:142,0
DA:143,0
DA:145,0
DA:153,0
DA:154,0
DA:155,0
DA:156,0
DA:158,0
DA:170,0
DA:171,0
DA:172,0
DA:173,0
DA:174,0
DA:180,0
DA:188,0
DA:189,0
DA:190,0
DA:191,0
DA:192,0
DA:198,0
DA:210,0
DA:211,0
DA:212,0
DA:216,0
DA:218,0
DA:230,0
DA:231,0
DA:232,0
DA:233,0
DA:235,0
DA:243,0
DA:244,0
DA:245,0
DA:247,0
DA:259,0
DA:260,0
DA:261,0
DA:263,0
DA:275,0
DA:276,0
DA:277,0
DA:279,0
DA:291,0
DA:292,0
DA:293,0
DA:295,0
DA:300,0
LF:97
LH:0
BRDA:14,0,0,0
BRDA:14,0,1,0
BRDA:15,1,0,0
BRDA:15,1,1,0
BRDA:82,2,0,0
BRDA:82,2,1,0
BRDA:85,3,0,0
BRDA:85,3,1,0
BRDA:177,4,0,0
BRDA:177,4,1,0
BRDA:195,5,0,0
BRDA:195,5,1,0
BRF:12
BRH:0
end_of_record
TN:
SF:src\controllers\video.controller.ts
FN:12,(anonymous_0)
FN:35,(anonymous_1)
FN:56,(anonymous_2)
FN:79,(anonymous_3)
FN:94,(anonymous_4)
FNF:5
FNH:0
FNDA:0,(anonymous_0)
FNDA:0,(anonymous_1)
FNDA:0,(anonymous_2)
FNDA:0,(anonymous_3)
FNDA:0,(anonymous_4)
DA:3,0
DA:4,0
DA:6,0
DA:8,0
DA:13,0
DA:14,0
DA:16,0
DA:17,0
DA:20,0
DA:22,0
DA:28,0
DA:40,0
DA:41,0
DA:43,0
DA:47,0
DA:49,0
DA:57,0
DA:58,0
DA:59,0
DA:61,0
DA:62,0
DA:65,0
DA:70,0
DA:72,0
DA:80,0
DA:81,0
DA:83,0
DA:85,0
DA:87,0
DA:95,0
DA:96,0
DA:98,0
DA:99,0
DA:102,0
DA:103,0
DA:106,0
DA:107,0
DA:110,0
DA:112,0
DA:114,0
DA:119,0
LF:41
LH:0
BRDA:16,0,0,0
BRDA:16,0,1,0
BRDA:61,1,0,0
BRDA:61,1,1,0
BRDA:61,2,0,0
BRDA:61,2,1,0
BRDA:98,3,0,0
BRDA:98,3,1,0
BRDA:102,4,0,0
BRDA:102,4,1,0
BRDA:106,5,0,0
BRDA:106,5,1,0
BRF:12
BRH:0
end_of_record
TN:
SF:src\middlewares\auth.middleware.ts
FN:23,(anonymous_1)
FN:69,(anonymous_2)
FNF:2
FNH:0
FNDA:0,(anonymous_1)
FNDA:0,(anonymous_2)
DA:3,0
DA:5,0
DA:23,0
DA:28,0
DA:30,0
DA:32,0
DA:33,0
DA:39,0
DA:42,0
DA:45,0
DA:47,0
DA:49,0
DA:51,0
DA:52,0
DA:59,0
DA:69,0
DA:74,0
DA:75,0
DA:77,0
DA:78,0
DA:79,0
DA:81,0
DA:84,0
DA:87,0
LF:24
LH:0
BRDA:32,0,0,0
BRDA:32,0,1,0
BRDA:32,1,0,0
BRDA:32,1,1,0
BRDA:51,2,0,0
BRDA:51,2,1,0
BRDA:77,3,0,0
BRDA:77,3,1,0
BRDA:77,4,0,0
BRDA:77,4,1,0
BRF:10
BRH:0
end_of_record
TN:
SF:src\middlewares\error.middleware.ts
FN:17,errorMiddleware
FNF:1
FNH:0
FNDA:0,errorMiddleware
DA:3,0
DA:4,0
DA:5,0
DA:17,0
DA:24,0
DA:25,0
DA:29,0
DA:41,0
DA:43,0
DA:44,0
DA:45,0
DA:46,0
DA:49,0
DA:59,0
DA:60,0
DA:64,0
DA:65,0
DA:66,0
DA:68,0
DA:77,0
DA:78,0
DA:82,0
DA:84,0
DA:96,0
LF:24
LH:0
BRDA:24,0,0,0
BRDA:24,0,1,0
BRDA:41,1,0,0
BRDA:41,1,1,0
BRDA:43,2,0,0
BRDA:43,2,1,0
BRDA:45,3,0,0
BRDA:45,3,1,0
BRDA:55,4,0,0
BRDA:55,4,1,0
BRDA:64,5,0,0
BRDA:64,5,1,0
BRDA:64,6,0,0
BRDA:64,6,1,0
BRDA:73,7,0,0
BRDA:73,7,1,0
BRDA:89,8,0,0
BRDA:89,8,1,0
BRDA:90,9,0,0
BRDA:90,9,1,0
BRDA:92,10,0,0
BRDA:92,10,1,0
BRF:22
BRH:0
end_of_record
TN:
SF:src\middlewares\role.middleware.ts
FN:11,requireRole
FN:12,(anonymous_1)
FN:20,(anonymous_2)
FN:38,requireCentreAccess
FN:39,(anonymous_4)
FN:93,requireClinicianAccess
FN:96,(anonymous_6)
FNF:7
FNH:0
FNDA:0,requireRole
FNDA:0,(anonymous_1)
FNDA:0,(anonymous_2)
FNDA:0,requireCentreAccess
FNDA:0,(anonymous_4)
FNDA:0,requireClinicianAccess
FNDA:0,(anonymous_6)
DA:4,0
DA:5,0
DA:11,0
DA:12,0
DA:13,0
DA:14,0
DA:17,0
DA:20,0
DA:22,0
DA:23,0
DA:28,0
DA:38,0
DA:39,0
DA:40,0
DA:41,0
DA:42,0
DA:45,0
DA:48,0
DA:49,0
DA:54,0
DA:57,0
DA:58,0
DA:62,0
DA:74,0
DA:75,0
DA:80,0
DA:82,0
DA:93,0
DA:96,0
DA:97,0
DA:98,0
DA:99,0
DA:102,0
DA:105,0
DA:110,0
DA:114,0
DA:115,0
DA:117,0
DA:118,0
DA:122,0
DA:132,0
DA:133,0
DA:136,0
DA:140,0
DA:144,0
DA:150,0
LF:46
LH:0
BRDA:13,0,0,0
BRDA:13,0,1,0
BRDA:17,1,0,0
BRDA:17,1,1,0
BRDA:22,2,0,0
BRDA:22,2,1,0
BRDA:38,3,0,0
BRDA:41,4,0,0
BRDA:41,4,1,0
BRDA:45,5,0,0
BRDA:45,5,1,0
BRDA:48,6,0,0
BRDA:48,6,1,0
BRDA:48,7,0,0
BRDA:48,7,1,0
BRDA:54,8,0,0
BRDA:54,8,1,0
BRDA:57,9,0,0
BRDA:57,9,1,0
BRDA:74,10,0,0
BRDA:74,10,1,0
BRDA:94,11,0,0
BRDA:98,12,0,0
BRDA:98,12,1,0
BRDA:102,13,0,0
BRDA:102,13,1,0
BRDA:105,14,0,0
BRDA:105,14,1,0
BRDA:106,15,0,0
BRDA:106,15,1,0
BRDA:106,15,2,0
BRDA:114,16,0,0
BRDA:114,16,1,0
BRDA:117,17,0,0
BRDA:117,17,1,0
BRDA:132,18,0,0
BRDA:132,18,1,0
BRF:37
BRH:0
end_of_record
TN:
SF:src\middlewares\validation.middleware.ts
FN:8,(anonymous_0)
FN:17,(anonymous_1)
FNF:2
FNH:0
FNDA:0,(anonymous_0)
FNDA:0,(anonymous_1)
DA:3,0
DA:8,0
DA:9,0
DA:11,0
DA:12,0
DA:17,0
DA:25,0
LF:7
LH:0
BRDA:11,0,0,0
BRDA:11,0,1,0
BRDA:18,1,0,0
BRDA:18,1,1,0
BRF:4
BRH:0
end_of_record
TN:
SF:src\repositories\analytics.repository.ts
FN:14,(anonymous_0)
FN:57,(anonymous_1)
FN:97,(anonymous_2)
FN:142,(anonymous_3)
FN:187,(anonymous_4)
FN:219,(anonymous_5)
FN:231,(anonymous_6)
FN:271,(anonymous_7)
FN:280,(anonymous_8)
FN:304,(anonymous_9)
FNF:10
FNH:0
FNDA:0,(anonymous_0)
FNDA:0,(anonymous_1)
FNDA:0,(anonymous_2)
FNDA:0,(anonymous_3)
FNDA:0,(anonymous_4)
FNDA:0,(anonymous_5)
FNDA:0,(anonymous_6)
FNDA:0,(anonymous_7)
FNDA:0,(anonymous_8)
FNDA:0,(anonymous_9)
DA:2,0
DA:10,0
DA:15,0
DA:16,0
DA:19,0
DA:28,0
DA:37,0
DA:38,0
DA:40,0
DA:41,0
DA:43,0
DA:47,0
DA:58,0
DA:59,0
DA:61,0
DA:69,0
DA:77,0
DA:78,0
DA:80,0
DA:81,0
DA:83,0
DA:87,0
DA:98,0
DA:99,0
DA:102,0
DA:112,0
DA:122,0
DA:123,0
DA:125,0
DA:126,0
DA:128,0
DA:132,0
DA:143,0
DA:144,0
DA:147,0
DA:157,0
DA:167,0
DA:168,0
DA:170,0
DA:171,0
DA:173,0
DA:177,0
DA:188,0
DA:189,0
DA:191,0
DA:211,0
DA:219,0
DA:235,0
DA:236,0
DA:241,0
DA:243,0
DA:244,0
DA:245,0
DA:247,0
DA:248,0
DA:249,0
DA:251,0
DA:252,0
DA:253,0
DA:256,0
DA:269,0
DA:271,0
DA:281,0
DA:282,0
DA:284,0
DA:294,0
DA:297,0
DA:304,0
DA:312,0
LF:69
LH:0
BRDA:15,0,0,0
BRDA:15,0,1,0
BRDA:16,1,0,0
BRDA:16,1,1,0
BRDA:43,2,0,0
BRDA:43,2,1,0
BRDA:58,3,0,0
BRDA:58,3,1,0
BRDA:59,4,0,0
BRDA:59,4,1,0
BRDA:83,5,0,0
BRDA:83,5,1,0
BRDA:98,6,0,0
BRDA:98,6,1,0
BRDA:99,7,0,0
BRDA:99,7,1,0
BRDA:128,8,0,0
BRDA:128,8,1,0
BRDA:143,9,0,0
BRDA:143,9,1,0
BRDA:144,10,0,0
BRDA:144,10,1,0
BRDA:173,11,0,0
BRDA:173,11,1,0
BRDA:187,12,0,0
BRDA:188,13,0,0
BRDA:188,13,1,0
BRDA:189,14,0,0
BRDA:189,14,1,0
BRDA:235,15,0,0
BRDA:235,15,1,0
BRDA:236,16,0,0
BRDA:236,16,1,0
BRDA:241,17,0,0
BRDA:241,17,1,0
BRDA:241,17,2,0
BRDA:281,18,0,0
BRDA:281,18,1,0
BRDA:282,19,0,0
BRDA:282,19,1,0
BRDA:305,20,0,0
BRDA:305,20,1,0
BRDA:307,21,0,0
BRDA:307,21,1,0
BRF:44
BRH:0
end_of_record
TN:
SF:src\repositories\appointment.repository.ts
FN:32,(anonymous_0)
FN:95,(anonymous_1)
FN:125,(anonymous_2)
FN:184,(anonymous_3)
FN:204,(anonymous_4)
FN:214,(anonymous_5)
FN:225,(anonymous_6)
FN:238,(anonymous_7)
FN:249,(anonymous_8)
FN:283,(anonymous_9)
FN:327,(anonymous_10)
FN:360,(anonymous_11)
FN:382,(anonymous_12)
FNF:13
FNH:0
FNDA:0,(anonymous_0)
FNDA:0,(anonymous_1)
FNDA:0,(anonymous_2)
FNDA:0,(anonymous_3)
FNDA:0,(anonymous_4)
FNDA:0,(anonymous_5)
FNDA:0,(anonymous_6)
FNDA:0,(anonymous_7)
FNDA:0,(anonymous_8)
FNDA:0,(anonymous_9)
FNDA:0,(anonymous_10)
FNDA:0,(anonymous_11)
FNDA:0,(anonymous_12)
DA:2,0
DA:31,0
DA:46,0
DA:69,0
DA:84,0
DA:92,0
DA:102,0
DA:113,0
DA:128,0
DA:129,0
DA:130,0
DA:132,0
DA:133,0
DA:134,0
DA:135,0
DA:138,0
DA:139,0
DA:140,0
DA:141,0
DA:144,0
DA:145,0
DA:146,0
DA:147,0
DA:150,0
DA:151,0
DA:152,0
DA:153,0
DA:156,0
DA:157,0
DA:158,0
DA:159,0
DA:162,0
DA:178,0
DA:187,0
DA:201,0
DA:205,0
DA:210,0
DA:211,0
DA:215,0
DA:222,0
DA:228,0
DA:235,0
DA:239,0
DA:246,0
DA:255,0
DA:256,0
DA:257,0
DA:260,0
DA:267,0
DA:272,0
DA:280,0
DA:290,0
DA:291,0
DA:292,0
DA:295,0
DA:306,0
DA:313,0
DA:321,0
DA:333,0
DA:340,0
DA:342,0
DA:343,0
DA:344,0
DA:347,0
DA:353,0
DA:354,0
DA:365,0
DA:367,0
DA:376,0
DA:389,0
DA:393,0
LF:71
LH:0
BRDA:78,0,0,0
BRDA:78,0,1,0
BRDA:81,1,0,0
BRDA:81,1,1,0
BRDA:118,2,0,0
BRDA:118,2,1,0
BRDA:132,3,0,0
BRDA:132,3,1,0
BRDA:138,4,0,0
BRDA:138,4,1,0
BRDA:144,5,0,0
BRDA:144,5,1,0
BRDA:150,6,0,0
BRDA:150,6,1,0
BRDA:156,7,0,0
BRDA:156,7,1,0
BRDA:256,8,0,0
BRDA:256,8,1,0
BRDA:291,9,0,0
BRDA:291,9,1,0
BRDA:342,10,0,0
BRDA:342,10,1,0
BRF:22
BRH:0
end_of_record
TN:
SF:src\repositories\authSession.repository.ts
FN:18,(anonymous_1)
FN:46,(anonymous_2)
FN:68,(anonymous_3)
FN:87,(anonymous_4)
FN:101,(anonymous_5)
FNF:5
FNH:0
FNDA:0,(anonymous_1)
FNDA:0,(anonymous_2)
FNDA:0,(anonymous_3)
FNDA:0,(anonymous_4)
FNDA:0,(anonymous_5)
DA:2,0
DA:3,0
DA:14,0
DA:23,0
DA:28,0
DA:34,0
DA:40,0
DA:47,0
DA:52,0
DA:61,0
DA:62,0
DA:69,0
DA:74,0
DA:81,0
DA:88,0
DA:95,0
DA:102,0
DA:107,0
DA:108,0
DA:112,0
LF:20
LH:0
BRF:0
BRH:0
end_of_record
TN:
SF:src\repositories\booking.repository.ts
FN:52,(anonymous_0)
FN:67,(anonymous_1)
FN:77,(anonymous_2)
FN:103,(anonymous_3)
FN:140,(anonymous_4)
FN:170,(anonymous_5)
FN:198,(anonymous_6)
FN:214,(anonymous_7)
FN:276,(anonymous_8)
FN:292,(anonymous_9)
FN:308,(anonymous_10)
FNF:11
FNH:0
FNDA:0,(anonymous_0)
FNDA:0,(anonymous_1)
FNDA:0,(anonymous_2)
FNDA:0,(anonymous_3)
FNDA:0,(anonymous_4)
FNDA:0,(anonymous_5)
FNDA:0,(anonymous_6)
FNDA:0,(anonymous_7)
FNDA:0,(anonymous_8)
FNDA:0,(anonymous_9)
FNDA:0,(anonymous_10)
DA:2,0
DA:55,0
DA:68,0
DA:83,0
DA:97,0
DA:115,0
DA:141,0
DA:174,0
DA:202,0
DA:223,0
DA:244,0
DA:245,0
DA:247,0
DA:248,0
DA:249,0
DA:250,0
DA:253,0
DA:254,0
DA:257,0
DA:259,0
DA:260,0
DA:261,0
DA:262,0
DA:265,0
DA:266,0
DA:267,0
DA:270,0
DA:280,0
DA:293,0
DA:302,0
DA:313,0
DA:323,0
LF:32
LH:0
BRDA:132,0,0,0
BRDA:132,0,1,0
BRDA:247,1,0,0
BRDA:247,1,1,0
BRDA:253,2,0,0
BRDA:253,2,1,0
BRDA:259,3,0,0
BRDA:259,3,1,0
BRDA:265,4,0,0
BRDA:265,4,1,0
BRDA:285,5,0,0
BRDA:285,5,1,0
BRF:12
BRH:0
end_of_record
TN:
SF:src\repositories\centre.repository.ts
FN:21,(anonymous_0)
FN:40,(anonymous_1)
FN:53,(anonymous_2)
FN:80,(anonymous_3)
FN:136,(anonymous_4)
FN:149,(anonymous_5)
FNF:6
FNH:0
FNDA:0,(anonymous_0)
FNDA:0,(anonymous_1)
FNDA:0,(anonymous_2)
FNDA:0,(anonymous_3)
FNDA:0,(anonymous_4)
FNDA:0,(anonymous_5)
DA:2,0
DA:17,0
DA:22,0
DA:25,0
DA:27,0
DA:34,0
DA:41,0
DA:47,0
DA:61,0
DA:67,0
DA:91,0
DA:92,0
DA:93,0
DA:95,0
DA:96,0
DA:97,0
DA:99,0
DA:100,0
DA:101,0
DA:103,0
DA:104,0
DA:105,0
DA:107,0
DA:108,0
DA:109,0
DA:111,0
DA:112,0
DA:113,0
DA:115,0
DA:116,0
DA:117,0
DA:120,0
DA:121,0
DA:123,0
DA:130,0
DA:137,0
DA:143,0
DA:150,0
DA:157,0
DA:161,0
LF:40
LH:0
BRDA:22,0,0,0
BRDA:22,0,1,0
BRDA:25,1,0,0
BRDA:25,1,1,0
BRDA:71,2,0,0
BRDA:71,2,1,0
BRDA:95,3,0,0
BRDA:95,3,1,0
BRDA:99,4,0,0
BRDA:99,4,1,0
BRDA:103,5,0,0
BRDA:103,5,1,0
BRDA:107,6,0,0
BRDA:107,6,1,0
BRDA:111,7,0,0
BRDA:111,7,1,0
BRDA:115,8,0,0
BRDA:115,8,1,0
BRF:18
BRH:0
end_of_record
TN:
SF:src\repositories\notification.repository.ts
FN:25,(anonymous_0)
FN:57,(anonymous_1)
FN:92,(anonymous_2)
FN:161,(anonymous_3)
FN:178,(anonymous_4)
FN:192,(anonymous_5)
FN:207,(anonymous_6)
FNF:7
FNH:0
FNDA:0,(anonymous_0)
FNDA:0,(anonymous_1)
FNDA:0,(anonymous_2)
FNDA:0,(anonymous_3)
FNDA:0,(anonymous_4)
FNDA:0,(anonymous_5)
FNDA:0,(anonymous_6)
DA:2,0
DA:21,0
DA:26,0
DA:42,0
DA:61,0
DA:62,0
DA:63,0
DA:65,0
DA:66,0
DA:67,0
DA:68,0
DA:71,0
DA:72,0
DA:73,0
DA:74,0
DA:77,0
DA:84,0
DA:86,0
DA:101,0
DA:102,0
DA:103,0
DA:105,0
DA:106,0
DA:107,0
DA:108,0
DA:111,0
DA:112,0
DA:113,0
DA:114,0
DA:117,0
DA:118,0
DA:119,0
DA:120,0
DA:123,0
DA:124,0
DA:125,0
DA:126,0
DA:129,0
DA:130,0
DA:131,0
DA:132,0
DA:135,0
DA:136,0
DA:137,0
DA:138,0
DA:141,0
DA:143,0
DA:155,0
DA:162,0
DA:172,0
DA:179,0
DA:186,0
DA:193,0
DA:201,0
DA:208,0
DA:209,0
DA:210,0
DA:212,0
DA:213,0
DA:214,0
DA:215,0
DA:218,0
DA:219,0
DA:220,0
DA:221,0
DA:224,0
DA:235,0
DA:239,0
LF:68
LH:0
BRDA:44,0,0,0
BRDA:44,0,1,0
BRDA:50,1,0,0
BRDA:50,1,1,0
BRDA:65,2,0,0
BRDA:65,2,1,0
BRDA:71,3,0,0
BRDA:71,3,1,0
BRDA:105,4,0,0
BRDA:105,4,1,0
BRDA:111,5,0,0
BRDA:111,5,1,0
BRDA:117,6,0,0
BRDA:117,6,1,0
BRDA:123,7,0,0
BRDA:123,7,1,0
BRDA:129,8,0,0
BRDA:129,8,1,0
BRDA:135,9,0,0
BRDA:135,9,1,0
BRDA:141,10,0,0
BRDA:141,10,1,0
BRDA:192,11,0,0
BRDA:212,12,0,0
BRDA:212,12,1,0
BRDA:218,13,0,0
BRDA:218,13,1,0
BRF:27
BRH:0
end_of_record
TN:
SF:src\repositories\patient.repository.ts
FN:56,(anonymous_1)
FN:66,(anonymous_2)
FN:73,(anonymous_3)
FN:89,(anonymous_4)
FN:121,(anonymous_5)
FN:133,(anonymous_6)
FN:145,(anonymous_7)
FN:198,(anonymous_8)
FN:224,(anonymous_9)
FN:239,(anonymous_10)
FN:272,(anonymous_11)
FN:281,(anonymous_12)
FN:301,(anonymous_13)
FN:331,(anonymous_14)
FN:340,(anonymous_15)
FN:350,(anonymous_16)
FN:366,(anonymous_17)
FN:394,(anonymous_18)
FN:416,(anonymous_19)
FNF:19
FNH:0
FNDA:0,(anonymous_1)
FNDA:0,(anonymous_2)
FNDA:0,(anonymous_3)
FNDA:0,(anonymous_4)
FNDA:0,(anonymous_5)
FNDA:0,(anonymous_6)
FNDA:0,(anonymous_7)
FNDA:0,(anonymous_8)
FNDA:0,(anonymous_9)
FNDA:0,(anonymous_10)
FNDA:0,(anonymous_11)
FNDA:0,(anonymous_12)
FNDA:0,(anonymous_13)
FNDA:0,(anonymous_14)
FNDA:0,(anonymous_15)
FNDA:0,(anonymous_16)
FNDA:0,(anonymous_17)
FNDA:0,(anonymous_18)
FNDA:0,(anonymous_19)
DA:2,0
DA:3,0
DA:57,0
DA:67,0
DA:78,0
DA:93,0
DA:94,0
DA:95,0
DA:97,0
DA:98,0
DA:99,0
DA:102,0
DA:103,0
DA:104,0
DA:107,0
DA:108,0
DA:110,0
DA:124,0
DA:134,0
DA:155,0
DA:156,0
DA:157,0
DA:159,0
DA:160,0
DA:161,0
DA:164,0
DA:165,0
DA:166,0
DA:169,0
DA:170,0
DA:171,0
DA:174,0
DA:175,0
DA:176,0
DA:179,0
DA:180,0
DA:181,0
DA:184,0
DA:185,0
DA:187,0
DA:204,0
DA:207,0
DA:213,0
DA:225,0
DA:240,0
DA:242,0
DA:243,0
DA:247,0
DA:253,0
DA:254,0
DA:255,0
DA:259,0
DA:261,0
DA:263,0
DA:266,0
DA:273,0
DA:288,0
DA:290,0
DA:305,0
DA:315,0
DA:316,0
DA:320,0
DA:321,0
DA:325,0
DA:332,0
DA:341,0
DA:354,0
DA:355,0
DA:357,0
DA:358,0
DA:360,0
DA:367,0
DA:395,0
DA:418,0
DA:423,0
DA:429,0
LF:76
LH:0
BRDA:82,0,0,0
BRDA:82,0,1,0
BRDA:97,1,0,0
BRDA:97,1,1,0
BRDA:102,2,0,0
BRDA:102,2,1,0
BRDA:159,3,0,0
BRDA:159,3,1,0
BRDA:164,4,0,0
BRDA:164,4,1,0
BRDA:169,5,0,0
BRDA:169,5,1,0
BRDA:174,6,0,0
BRDA:174,6,1,0
BRDA:179,7,0,0
BRDA:179,7,1,0
BRDA:201,8,0,0
BRDA:242,9,0,0
BRDA:242,9,1,0
BRDA:253,10,0,0
BRDA:253,10,1,0
BRDA:261,11,0,0
BRDA:261,11,1,0
BRDA:294,12,0,0
BRDA:294,12,1,0
BRDA:294,13,0,0
BRDA:294,13,1,0
BRDA:320,14,0,0
BRDA:320,14,1,0
BRDA:355,15,0,0
BRDA:355,15,1,0
BRDA:358,16,0,0
BRDA:358,16,1,0
BRF:33
BRH:0
end_of_record
TN:
SF:src\repositories\payment.repository.ts
FN:26,(anonymous_0)
FN:56,(anonymous_1)
FN:65,(anonymous_2)
FN:77,(anonymous_3)
FN:98,(anonymous_4)
FN:118,(anonymous_5)
FN:147,(anonymous_6)
FN:190,(anonymous_7)
FN:213,(anonymous_8)
FN:225,(anonymous_9)
FN:253,(anonymous_10)
FNF:11
FNH:0
FNDA:0,(anonymous_0)
FNDA:0,(anonymous_1)
FNDA:0,(anonymous_2)
FNDA:0,(anonymous_3)
FNDA:0,(anonymous_4)
FNDA:0,(anonymous_5)
FNDA:0,(anonymous_6)
FNDA:0,(anonymous_7)
FNDA:0,(anonymous_8)
FNDA:0,(anonymous_9)
FNDA:0,(anonymous_10)
DA:2,0
DA:35,0
DA:57,0
DA:68,0
DA:82,0
DA:103,0
DA:119,0
DA:155,0
DA:162,0
DA:163,0
DA:165,0
DA:166,0
DA:167,0
DA:168,0
DA:171,0
DA:173,0
DA:174,0
DA:175,0
DA:176,0
DA:179,0
DA:180,0
DA:181,0
DA:184,0
DA:196,0
DA:214,0
DA:231,0
DA:242,0
DA:258,0
DA:271,0
LF:29
LH:0
BRDA:46,0,0,0
BRDA:46,0,1,0
BRDA:47,1,0,0
BRDA:47,1,1,0
BRDA:48,2,0,0
BRDA:48,2,1,0
BRDA:91,3,0,0
BRDA:91,3,1,0
BRDA:111,4,0,0
BRDA:111,4,1,0
BRDA:111,5,0,0
BRDA:111,5,1,0
BRDA:165,6,0,0
BRDA:165,6,1,0
BRDA:173,7,0,0
BRDA:173,7,1,0
BRDA:179,8,0,0
BRDA:179,8,1,0
BRDA:203,9,0,0
BRDA:203,9,1,0
BRDA:204,10,0,0
BRDA:204,10,1,0
BRF:22
BRH:0
end_of_record
TN:
SF:src\repositories\staff.repository.ts
FN:53,(anonymous_0)
FN:106,(anonymous_1)
FN:153,(anonymous_2)
FN:228,(anonymous_3)
FN:281,(anonymous_4)
FN:293,(anonymous_5)
FN:311,(anonymous_6)
FN:322,(anonymous_7)
FN:355,(anonymous_8)
FN:361,(anonymous_9)
FN:406,(anonymous_10)
FN:444,(anonymous_11)
FN:506,(anonymous_12)
FN:618,(anonymous_13)
FN:648,(anonymous_14)
FN:692,(anonymous_15)
FN:706,(anonymous_16)
FNF:17
FNH:0
FNDA:0,(anonymous_0)
FNDA:0,(anonymous_1)
FNDA:0,(anonymous_2)
FNDA:0,(anonymous_3)
FNDA:0,(anonymous_4)
FNDA:0,(anonymous_5)
FNDA:0,(anonymous_6)
FNDA:0,(anonymous_7)
FNDA:0,(anonymous_8)
FNDA:0,(anonymous_9)
FNDA:0,(anonymous_10)
FNDA:0,(anonymous_11)
FNDA:0,(anonymous_12)
FNDA:0,(anonymous_13)
FNDA:0,(anonymous_14)
FNDA:0,(anonymous_15)
FNDA:0,(anonymous_16)
DA:2,0
DA:3,0
DA:49,0
DA:54,0
DA:59,0
DA:60,0
DA:62,0
DA:63,0
DA:69,0
DA:70,0
DA:73,0
DA:74,0
DA:80,0
DA:81,0
DA:84,0
DA:100,0
DA:107,0
DA:120,0
DA:121,0
DA:124,0
DA:135,0
DA:147,0
DA:159,0
DA:162,0
DA:176,0
DA:185,0
DA:195,0
DA:201,0
DA:202,0
DA:212,0
DA:213,0
DA:222,0
DA:229,0
DA:230,0
DA:231,0
DA:233,0
DA:234,0
DA:235,0
DA:236,0
DA:239,0
DA:240,0
DA:241,0
DA:242,0
DA:245,0
DA:246,0
DA:247,0
DA:248,0
DA:251,0
DA:252,0
DA:253,0
DA:259,0
DA:260,0
DA:264,0
DA:265,0
DA:275,0
DA:282,0
DA:283,0
DA:287,0
DA:299,0
DA:308,0
DA:312,0
DA:319,0
DA:323,0
DA:327,0
DA:329,0
DA:334,0
DA:344,0
DA:355,0
DA:362,0
DA:363,0
DA:364,0
DA:366,0
DA:367,0
DA:368,0
DA:369,0
DA:372,0
DA:373,0
DA:374,0
DA:375,0
DA:378,0
DA:400,0
DA:407,0
DA:424,0
DA:425,0
DA:428,0
DA:438,0
DA:445,0
DA:465,0
DA:469,0
DA:471,0
DA:475,0
DA:491,0
DA:492,0
DA:500,0
DA:510,0
DA:511,0
DA:512,0
DA:514,0
DA:515,0
DA:516,0
DA:517,0
DA:520,0
DA:521,0
DA:522,0
DA:523,0
DA:526,0
DA:527,0
DA:528,0
DA:529,0
DA:532,0
DA:533,0
DA:534,0
DA:535,0
DA:538,0
DA:539,0
DA:540,0
DA:541,0
DA:544,0
DA:545,0
DA:546,0
DA:547,0
DA:550,0
DA:551,0
DA:552,0
DA:553,0
DA:556,0
DA:557,0
DA:558,0
DA:559,0
DA:562,0
DA:563,0
DA:564,0
DA:565,0
DA:568,0
DA:569,0
DA:570,0
DA:571,0
DA:574,0
DA:575,0
DA:576,0
DA:577,0
DA:580,0
DA:581,0
DA:584,0
DA:585,0
DA:587,0
DA:594,0
DA:595,0
DA:599,0
DA:600,0
DA:604,0
DA:612,0
DA:620,0
DA:632,0
DA:633,0
DA:639,0
DA:653,0
DA:659,0
DA:660,0
DA:686,0
DA:693,0
DA:700,0
DA:707,0
DA:714,0
DA:721,0
DA:725,0
LF:166
LH:0
BRDA:62,0,0,0
BRDA:62,0,1,0
BRDA:73,1,0,0
BRDA:73,1,1,0
BRDA:121,2,0,0
BRDA:121,2,1,0
BRDA:179,3,0,0
BRDA:179,3,1,0
BRDA:180,4,0,0
BRDA:180,4,1,0
BRDA:197,5,0,0
BRDA:197,5,1,0
BRDA:233,6,0,0
BRDA:233,6,1,0
BRDA:239,7,0,0
BRDA:239,7,1,0
BRDA:245,8,0,0
BRDA:245,8,1,0
BRDA:251,9,0,0
BRDA:251,9,1,0
BRDA:264,10,0,0
BRDA:264,10,1,0
BRDA:305,11,0,0
BRDA:305,11,1,0
BRDA:305,12,0,0
BRDA:305,12,1,0
BRDA:327,13,0,0
BRDA:327,13,1,0
BRDA:366,14,0,0
BRDA:366,14,1,0
BRDA:372,15,0,0
BRDA:372,15,1,0
BRDA:425,16,0,0
BRDA:425,16,1,0
BRDA:465,17,0,0
BRDA:465,17,1,0
BRDA:469,18,0,0
BRDA:469,18,1,0
BRDA:471,19,0,0
BRDA:471,19,1,0
BRDA:479,20,0,0
BRDA:479,20,1,0
BRDA:480,21,0,0
BRDA:480,21,1,0
BRDA:481,22,0,0
BRDA:481,22,1,0
BRDA:482,23,0,0
BRDA:482,23,1,0
BRDA:484,24,0,0
BRDA:484,24,1,0
BRDA:485,25,0,0
BRDA:485,25,1,0
BRDA:491,26,0,0
BRDA:491,26,1,0
BRDA:514,27,0,0
BRDA:514,27,1,0
BRDA:520,28,0,0
BRDA:520,28,1,0
BRDA:526,29,0,0
BRDA:526,29,1,0
BRDA:532,30,0,0
BRDA:532,30,1,0
BRDA:538,31,0,0
BRDA:538,31,1,0
BRDA:544,32,0,0
BRDA:544,32,1,0
BRDA:550,33,0,0
BRDA:550,33,1,0
BRDA:556,34,0,0
BRDA:556,34,1,0
BRDA:562,35,0,0
BRDA:562,35,1,0
BRDA:568,36,0,0
BRDA:568,36,1,0
BRDA:574,37,0,0
BRDA:574,37,1,0
BRDA:580,38,0,0
BRDA:580,38,1,0
BRDA:580,39,0,0
BRDA:580,39,1,0
BRDA:584,40,0,0
BRDA:584,40,1,0
BRDA:599,41,0,0
BRDA:599,41,1,0
BRDA:632,42,0,0
BRDA:632,42,1,0
BRDA:632,43,0,0
BRDA:632,43,1,0
BRF:88
BRH:0
end_of_record
TN:
SF:src\repositories\user.repository.ts
FN:9,(anonymous_0)
FN:20,(anonymous_1)
FN:39,(anonymous_2)
FN:46,(anonymous_3)
FN:59,(anonymous_4)
FN:80,(anonymous_5)
FN:108,(anonymous_6)
FN:117,(anonymous_7)
FN:129,(anonymous_8)
FN:140,(anonymous_9)
FN:151,(anonymous_10)
FN:162,(anonymous_11)
FN:194,(anonymous_12)
FN:195,(anonymous_13)
FN:202,(anonymous_14)
FNF:15
FNH:0
FNDA:0,(anonymous_0)
FNDA:0,(anonymous_1)
FNDA:0,(anonymous_2)
FNDA:0,(anonymous_3)
FNDA:0,(anonymous_4)
FNDA:0,(anonymous_5)
FNDA:0,(anonymous_6)
FNDA:0,(anonymous_7)
FNDA:0,(anonymous_8)
FNDA:0,(anonymous_9)
FNDA:0,(anonymous_10)
FNDA:0,(anonymous_11)
FNDA:0,(anonymous_12)
FNDA:0,(anonymous_13)
FNDA:0,(anonymous_14)
DA:2,0
DA:5,0
DA:10,0
DA:14,0
DA:21,0
DA:25,0
DA:27,0
DA:37,0
DA:39,0
DA:47,0
DA:52,0
DA:53,0
DA:65,0
DA:69,0
DA:81,0
DA:91,0
DA:102,0
DA:109,0
DA:114,0
DA:118,0
DA:123,0
DA:130,0
DA:134,0
DA:141,0
DA:145,0
DA:152,0
DA:156,0
DA:165,0
DA:169,0
DA:172,0
DA:183,0
DA:192,0
DA:194,0
DA:195,0
DA:209,0
DA:215,0
DA:223,0
DA:227,0
LF:38
LH:0
BRDA:25,0,0,0
BRDA:25,0,1,0
BRDA:169,1,0,0
BRDA:169,1,1,0
BRDA:217,2,0,0
BRDA:217,2,1,0
BRDA:218,3,0,0
BRDA:218,3,1,0
BRF:8
BRH:0
end_of_record
TN:
SF:src\repositories\video.repository.ts
FN:15,(anonymous_0)
FN:44,(anonymous_1)
FN:57,(anonymous_2)
FN:70,(anonymous_3)
FN:90,(anonymous_4)
FN:103,(anonymous_5)
FNF:6
FNH:0
FNDA:0,(anonymous_0)
FNDA:0,(anonymous_1)
FNDA:0,(anonymous_2)
FNDA:0,(anonymous_3)
FNDA:0,(anonymous_4)
FNDA:0,(anonymous_5)
DA:2,0
DA:11,0
DA:16,0
DA:33,0
DA:45,0
DA:51,0
DA:58,0
DA:64,0
DA:75,0
DA:84,0
DA:91,0
DA:97,0
DA:108,0
DA:109,0
DA:110,0
DA:112,0
DA:113,0
DA:114,0
DA:115,0
DA:118,0
DA:119,0
DA:120,0
DA:121,0
DA:124,0
DA:125,0
DA:126,0
DA:127,0
DA:130,0
DA:147,0
DA:151,0
LF:30
LH:0
BRDA:36,0,0,0
BRDA:36,0,1,0
BRDA:84,1,0,0
BRDA:84,1,1,0
BRDA:112,2,0,0
BRDA:112,2,1,0
BRDA:118,3,0,0
BRDA:118,3,1,0
BRDA:124,4,0,0
BRDA:124,4,1,0
BRF:10
BRH:0
end_of_record
TN:
SF:src\routes\analytics.routes.ts
FN:16,(anonymous_0)
FN:25,(anonymous_1)
FN:34,(anonymous_2)
FN:47,(anonymous_3)
FNF:4
FNH:0
FNDA:0,(anonymous_0)
FNDA:0,(anonymous_1)
FNDA:0,(anonymous_2)
FNDA:0,(anonymous_3)
DA:2,0
DA:3,0
DA:4,0
DA:5,0
DA:7,0
DA:10,0
DA:16,0
DA:17,0
DA:25,0
DA:26,0
DA:34,0
DA:35,0
DA:43,0
DA:47,0
DA:50,0
LF:15
LH:0
BRF:0
BRH:0
end_of_record
TN:
SF:src\routes\appointment.routes.ts
FN:18,(anonymous_0)
FN:26,(anonymous_1)
FN:35,(anonymous_2)
FN:43,(anonymous_3)
FN:64,(anonymous_4)
FN:76,(anonymous_5)
FN:94,(anonymous_6)
FNF:7
FNH:0
FNDA:0,(anonymous_0)
FNDA:0,(anonymous_1)
FNDA:0,(anonymous_2)
FNDA:0,(anonymous_3)
FNDA:0,(anonymous_4)
FNDA:0,(anonymous_5)
FNDA:0,(anonymous_6)
DA:2,0
DA:3,0
DA:4,0
DA:5,0
DA:7,0
DA:14,0
DA:18,0
DA:26,0
DA:27,0
DA:35,0
DA:36,0
DA:43,0
DA:44,0
DA:54,0
DA:64,0
DA:72,0
DA:76,0
DA:84,0
DA:94,0
DA:97,0
LF:20
LH:0
BRF:0
BRH:0
end_of_record
TN:
SF:src\routes\auth.routes.ts
FN:17,(anonymous_0)
FN:22,(anonymous_1)
FN:30,(anonymous_2)
FN:37,(anonymous_3)
FN:41,(anonymous_4)
FN:46,(anonymous_5)
FN:51,(anonymous_6)
FNF:7
FNH:0
FNDA:0,(anonymous_0)
FNDA:0,(anonymous_1)
FNDA:0,(anonymous_2)
FNDA:0,(anonymous_3)
FNDA:0,(anonymous_4)
FNDA:0,(anonymous_5)
FNDA:0,(anonymous_6)
DA:2,0
DA:3,0
DA:4,0
DA:5,0
DA:14,0
DA:17,0
DA:18,0
DA:22,0
DA:23,0
DA:27,0
DA:30,0
DA:34,0
DA:37,0
DA:41,0
DA:42,0
DA:46,0
DA:47,0
DA:51,0
DA:52,0
DA:55,0
LF:20
LH:0
BRF:0
BRH:0
end_of_record
TN:
SF:src\routes\booking.routes.ts
FNF:0
FNH:0
DA:2,0
DA:3,0
DA:4,0
DA:6,0
DA:13,0
DA:24,0
DA:35,0
DA:46,0
DA:57,0
DA:67,0
DA:73,0
LF:11
LH:0
BRF:0
BRH:0
end_of_record
TN:
SF:src\routes\centre.routes.ts
FN:18,(anonymous_0)
FN:26,(anonymous_1)
FN:39,(anonymous_2)
FN:51,(anonymous_3)
FN:58,(anonymous_4)
FN:70,(anonymous_5)
FNF:6
FNH:0
FNDA:0,(anonymous_0)
FNDA:0,(anonymous_1)
FNDA:0,(anonymous_2)
FNDA:0,(anonymous_3)
FNDA:0,(anonymous_4)
FNDA:0,(anonymous_5)
DA:2,0
DA:3,0
DA:4,0
DA:5,0
DA:6,0
DA:11,0
DA:18,0
DA:19,0
DA:26,0
DA:27,0
DA:34,0
DA:39,0
DA:46,0
DA:51,0
DA:58,0
DA:59,0
DA:66,0
DA:70,0
DA:73,0
LF:19
LH:0
BRF:0
BRH:0
end_of_record
TN:
SF:src\routes\index.ts
FN:21,(anonymous_1)
FN:26,(anonymous_2)
FNF:2
FNH:0
FNDA:0,(anonymous_1)
FNDA:0,(anonymous_2)
DA:1,0
DA:2,0
DA:3,0
DA:4,0
DA:5,0
DA:6,0
DA:7,0
DA:8,0
DA:9,0
DA:10,0
DA:11,0
DA:12,0
DA:13,0
DA:14,0
DA:15,0
DA:16,0
DA:18,0
DA:21,0
DA:22,0
DA:26,0
DA:27,0
DA:52,0
DA:53,0
DA:54,0
DA:55,0
DA:56,0
DA:57,0
DA:58,0
DA:59,0
DA:60,0
DA:61,0
DA:62,0
DA:63,0
DA:64,0
DA:67,0
DA:68,0
DA:71,0
LF:37
LH:0
BRDA:67,0,0,0
BRDA:67,0,1,0
BRF:2
BRH:0
end_of_record
TN:
SF:src\routes\notification.routes.ts
FN:25,(anonymous_0)
FN:39,(anonymous_1)
FN:53,(anonymous_2)
FN:67,(anonymous_3)
FN:80,(anonymous_4)
FNF:5
FNH:0
FNDA:0,(anonymous_0)
FNDA:0,(anonymous_1)
FNDA:0,(anonymous_2)
FNDA:0,(anonymous_3)
FNDA:0,(anonymous_4)
DA:2,0
DA:3,0
DA:4,0
DA:5,0
DA:7,0
DA:15,0
DA:26,0
DA:35,0
DA:40,0
DA:49,0
DA:54,0
DA:63,0
DA:68,0
DA:76,0
DA:80,0
DA:83,0
LF:16
LH:0
BRF:0
BRH:0
end_of_record
TN:
SF:src\routes\patient-auth.routes.ts
FNF:0
FNH:0
DA:2,0
DA:3,0
DA:4,0
DA:6,0
DA:13,0
DA:23,0
DA:33,0
DA:43,0
DA:53,0
DA:59,0
LF:10
LH:0
BRF:0
BRH:0
end_of_record
TN:
SF:src\routes\patient-dashboard.routes.ts
FN:17,(anonymous_0)
FN:25,(anonymous_1)
FN:33,(anonymous_2)
FN:41,(anonymous_3)
FN:81,(anonymous_4)
FN:101,(anonymous_5)
FNF:6
FNH:0
FNDA:0,(anonymous_0)
FNDA:0,(anonymous_1)
FNDA:0,(anonymous_2)
FNDA:0,(anonymous_3)
FNDA:0,(anonymous_4)
FNDA:0,(anonymous_5)
DA:2,0
DA:3,0
DA:4,0
DA:5,0
DA:6,0
DA:8,0
DA:11,0
DA:17,0
DA:18,0
DA:25,0
DA:26,0
DA:33,0
DA:34,0
DA:41,0
DA:42,0
DA:49,0
DA:82,0
DA:89,0
DA:102,0
DA:105,0
LF:20
LH:0
BRF:0
BRH:0
end_of_record
TN:
SF:src\routes\patient.routes.ts
FN:25,(anonymous_0)
FN:44,(anonymous_1)
FN:62,(anonymous_2)
FN:80,(anonymous_3)
FN:99,(anonymous_4)
FN:111,(anonymous_5)
FNF:6
FNH:0
FNDA:0,(anonymous_0)
FNDA:0,(anonymous_1)
FNDA:0,(anonymous_2)
FNDA:0,(anonymous_3)
FNDA:0,(anonymous_4)
FNDA:0,(anonymous_5)
DA:2,0
DA:3,0
DA:4,0
DA:5,0
DA:7,0
DA:15,0
DA:25,0
DA:33,0
DA:44,0
DA:52,0
DA:62,0
DA:70,0
DA:80,0
DA:88,0
DA:99,0
DA:107,0
DA:111,0
DA:114,0
LF:18
LH:0
BRF:0
BRH:0
end_of_record
TN:
SF:src\routes\payment.routes.ts
FN:87,(anonymous_0)
FN:95,(anonymous_1)
FNF:2
FNH:0
FNDA:0,(anonymous_0)
FNDA:0,(anonymous_1)
DA:2,0
DA:3,0
DA:4,0
DA:5,0
DA:6,0
DA:8,0
DA:15,0
DA:26,0
DA:37,0
DA:47,0
DA:58,0
DA:69,0
DA:75,0
DA:83,0
DA:87,0
DA:95,0
DA:96,0
LF:17
LH:0
BRF:0
BRH:0
end_of_record
TN:
SF:src\routes\staff.routes.ts
FN:15,(anonymous_0)
FN:24,(anonymous_1)
FN:33,(anonymous_2)
FN:42,(anonymous_3)
FN:51,(anonymous_4)
FN:64,(anonymous_5)
FN:73,(anonymous_6)
FN:82,(anonymous_7)
FN:95,(anonymous_8)
FN:107,(anonymous_9)
FN:119,(anonymous_10)
FN:131,(anonymous_11)
FN:143,(anonymous_12)
FN:152,(anonymous_13)
FN:165,(anonymous_14)
FN:177,(anonymous_15)
FN:189,(anonymous_16)
FN:201,(anonymous_17)
FNF:18
FNH:0
FNDA:0,(anonymous_0)
FNDA:0,(anonymous_1)
FNDA:0,(anonymous_2)
FNDA:0,(anonymous_3)
FNDA:0,(anonymous_4)
FNDA:0,(anonymous_5)
FNDA:0,(anonymous_6)
FNDA:0,(anonymous_7)
FNDA:0,(anonymous_8)
FNDA:0,(anonymous_9)
FNDA:0,(anonymous_10)
FNDA:0,(anonymous_11)
FNDA:0,(anonymous_12)
FNDA:0,(anonymous_13)
FNDA:0,(anonymous_14)
FNDA:0,(anonymous_15)
FNDA:0,(anonymous_16)
FNDA:0,(anonymous_17)
DA:2,0
DA:3,0
DA:4,0
DA:5,0
DA:7,0
DA:15,0
DA:16,0
DA:24,0
DA:25,0
DA:33,0
DA:34,0
DA:42,0
DA:43,0
DA:51,0
DA:52,0
DA:60,0
DA:64,0
DA:73,0
DA:74,0
DA:82,0
DA:83,0
DA:91,0
DA:95,0
DA:103,0
DA:107,0
DA:115,0
DA:119,0
DA:127,0
DA:131,0
DA:139,0
DA:144,0
DA:152,0
DA:153,0
DA:161,0
DA:165,0
DA:173,0
DA:177,0
DA:185,0
DA:189,0
DA:197,0
DA:201,0
DA:204,0
LF:42
LH:0
BRF:0
BRH:0
end_of_record
TN:
SF:src\routes\test-otp.routes.ts
FN:18,(anonymous_1)
FN:76,(anonymous_2)
FN:145,(anonymous_3)
FN:146,(anonymous_4)
FNF:4
FNH:0
FNDA:0,(anonymous_1)
FNDA:0,(anonymous_2)
FNDA:0,(anonymous_3)
FNDA:0,(anonymous_4)
DA:4,0
DA:5,0
DA:6,0
DA:8,0
DA:11,0
DA:18,0
DA:19,0
DA:20,0
DA:22,0
DA:23,0
DA:30,0
DA:33,0
DA:34,0
DA:37,0
DA:38,0
DA:41,0
DA:42,0
DA:43,0
DA:44,0
DA:46,0
DA:49,0
DA:52,0
DA:62,0
DA:63,0
DA:76,0
DA:77,0
DA:78,0
DA:80,0
DA:81,0
DA:88,0
DA:90,0
DA:91,0
DA:99,0
DA:100,0
DA:101,0
DA:108,0
DA:109,0
DA:116,0
DA:118,0
DA:120,0
DA:132,0
DA:133,0
DA:145,0
DA:146,0
DA:153,0
DA:162,0
LF:46
LH:0
BRDA:22,0,0,0
BRDA:22,0,1,0
BRDA:41,1,0,0
BRDA:41,1,1,0
BRDA:58,2,0,0
BRDA:58,2,1,0
BRDA:80,3,0,0
BRDA:80,3,1,0
BRDA:80,4,0,0
BRDA:80,4,1,0
BRDA:90,5,0,0
BRDA:90,5,1,0
BRDA:99,6,0,0
BRDA:99,6,1,0
BRDA:108,7,0,0
BRDA:108,7,1,0
BRF:16
BRH:0
end_of_record
TN:
SF:src\routes\video.routes.ts
FN:24,(anonymous_0)
FN:32,(anonymous_1)
FN:45,(anonymous_2)
FN:57,(anonymous_3)
FN:70,(anonymous_4)
FNF:5
FNH:0
FNDA:0,(anonymous_0)
FNDA:0,(anonymous_1)
FNDA:0,(anonymous_2)
FNDA:0,(anonymous_3)
FNDA:0,(anonymous_4)
DA:2,0
DA:3,0
DA:4,0
DA:5,0
DA:7,0
DA:14,0
DA:24,0
DA:32,0
DA:33,0
DA:41,0
DA:45,0
DA:53,0
DA:57,0
DA:66,0
DA:70,0
DA:73,0
LF:16
LH:0
BRF:0
BRH:0
end_of_record
TN:
SF:src\services\analytics.service.ts
FN:38,(anonymous_0)
FN:76,(anonymous_1)
FN:86,(anonymous_2)
FN:96,(anonymous_3)
FNF:4
FNH:0
FNDA:0,(anonymous_0)
FNDA:0,(anonymous_1)
FNDA:0,(anonymous_2)
FNDA:0,(anonymous_3)
DA:2,0
DA:34,0
DA:46,0
DA:50,0
DA:54,0
DA:61,0
DA:80,0
DA:90,0
DA:97,0
DA:101,0
LF:10
LH:0
BRDA:46,0,0,0
BRDA:46,0,1,0
BRDA:46,1,0,0
BRDA:46,1,1,0
BRDA:77,2,0,0
BRF:5
BRH:0
end_of_record
TN:
SF:src\services\appointment.services.ts
FN:37,(anonymous_1)
FN:80,(anonymous_2)
FN:94,(anonymous_3)
FN:138,(anonymous_4)
FN:237,(anonymous_5)
FN:252,(anonymous_6)
FN:264,(anonymous_7)
FN:273,(anonymous_8)
FN:274,(anonymous_9)
FN:305,(anonymous_10)
FN:333,(anonymous_11)
FN:349,(anonymous_12)
FN:359,(anonymous_13)
FN:461,(anonymous_14)
FN:465,(anonymous_15)
FN:483,(anonymous_16)
FN:502,(anonymous_17)
FN:537,(anonymous_18)
FN:595,(anonymous_19)
FN:603,(anonymous_20)
FN:614,(anonymous_21)
FN:679,(anonymous_22)
FN:719,(anonymous_23)
FN:722,(anonymous_24)
FNF:24
FNH:0
FNDA:0,(anonymous_1)
FNDA:0,(anonymous_2)
FNDA:0,(anonymous_3)
FNDA:0,(anonymous_4)
FNDA:0,(anonymous_5)
FNDA:0,(anonymous_6)
FNDA:0,(anonymous_7)
FNDA:0,(anonymous_8)
FNDA:0,(anonymous_9)
FNDA:0,(anonymous_10)
FNDA:0,(anonymous_11)
FNDA:0,(anonymous_12)
FNDA:0,(anonymous_13)
FNDA:0,(anonymous_14)
FNDA:0,(anonymous_15)
FNDA:0,(anonymous_16)
FNDA:0,(anonymous_17)
FNDA:0,(anonymous_18)
FNDA:0,(anonymous_19)
FNDA:0,(anonymous_20)
FNDA:0,(anonymous_21)
FNDA:0,(anonymous_22)
FNDA:0,(anonymous_23)
FNDA:0,(anonymous_24)
DA:2,0
DA:3,0
DA:8,0
DA:10,0
DA:12,0
DA:13,0
DA:14,0
DA:15,0
DA:16,0
DA:17,0
DA:33,0
DA:39,0
DA:40,0
DA:41,0
DA:42,0
DA:44,0
DA:45,0
DA:47,0
DA:53,0
DA:56,0
DA:57,0
DA:61,0
DA:74,0
DA:83,0
DA:87,0
DA:95,0
DA:99,0
DA:100,0
DA:101,0
DA:102,0
DA:104,0
DA:106,0
DA:107,0
DA:111,0
DA:112,0
DA:113,0
DA:115,0
DA:118,0
DA:119,0
DA:120,0
DA:123,0
DA:125,0
DA:130,0
DA:131,0
DA:137,0
DA:138,0
DA:139,0
DA:142,0
DA:143,0
DA:149,0
DA:155,0
DA:156,0
DA:162,0
DA:163,0
DA:164,0
DA:165,0
DA:166,0
DA:167,0
DA:170,0
DA:186,0
DA:187,0
DA:189,0
DA:193,0
DA:194,0
DA:199,0
DA:200,0
DA:207,0
DA:208,0
DA:217,0
DA:224,0
DA:227,0
DA:238,0
DA:253,0
DA:264,0
DA:273,0
DA:275,0
DA:278,0
DA:284,0
DA:292,0
DA:293,0
DA:295,0
DA:302,0
DA:306,0
DA:307,0
DA:308,0
DA:312,0
DA:313,0
DA:314,0
DA:315,0
DA:317,0
DA:318,0
DA:326,0
DA:330,0
DA:334,0
DA:335,0
DA:339,0
DA:340,0
DA:341,0
DA:343,0
DA:346,0
DA:350,0
DA:360,0
DA:361,0
DA:364,0
DA:365,0
DA:369,0
DA:373,0
DA:374,0
DA:377,0
DA:378,0
DA:379,0
DA:382,0
DA:404,0
DA:426,0
DA:449,0
DA:462,0
DA:466,0
DA:468,0
DA:469,0
DA:470,0
DA:472,0
DA:480,0
DA:484,0
DA:489,0
DA:496,0
DA:507,0
DA:510,0
DA:511,0
DA:514,0
DA:515,0
DA:518,0
DA:519,0
DA:522,0
DA:531,0
DA:544,0
DA:549,0
DA:550,0
DA:553,0
DA:556,0
DA:557,0
DA:558,0
DA:559,0
DA:561,0
DA:563,0
DA:564,0
DA:565,0
DA:568,0
DA:569,0
DA:573,0
DA:579,0
DA:585,0
DA:589,0
DA:596,0
DA:597,0
DA:604,0
DA:605,0
DA:606,0
DA:621,0
DA:623,0
DA:633,0
DA:634,0
DA:635,0
DA:639,0
DA:640,0
DA:654,0
DA:655,0
DA:659,0
DA:660,0
DA:668,0
DA:671,0
DA:672,0
DA:686,0
DA:688,0
DA:701,0
DA:702,0
DA:703,0
DA:706,0
DA:719,0
DA:720,0
DA:723,0
DA:727,0
DA:728,0
DA:732,0
DA:733,0
DA:738,0
LF:185
LH:0
BRDA:39,0,0,0
BRDA:39,0,1,0
BRDA:41,1,0,0
BRDA:41,1,1,0
BRDA:45,2,0,0
BRDA:45,2,1,0
BRDA:47,3,0,0
BRDA:47,3,1,0
BRDA:48,4,0,0
BRDA:48,4,1,0
BRDA:48,4,2,0
BRDA:56,5,0,0
BRDA:56,5,1,0
BRDA:61,6,0,0
BRDA:61,6,1,0
BRDA:62,7,0,0
BRDA:62,7,1,0
BRDA:62,7,2,0
BRDA:62,7,3,0
BRDA:62,7,4,0
BRDA:99,8,0,0
BRDA:99,8,1,0
BRDA:101,9,0,0
BRDA:101,9,1,0
BRDA:106,10,0,0
BRDA:106,10,1,0
BRDA:112,11,0,0
BRDA:112,11,1,0
BRDA:119,12,0,0
BRDA:119,12,1,0
BRDA:130,13,0,0
BRDA:130,13,1,0
BRDA:139,14,0,0
BRDA:139,14,1,0
BRDA:142,15,0,0
BRDA:142,15,1,0
BRDA:155,16,0,0
BRDA:155,16,1,0
BRDA:163,17,0,0
BRDA:163,17,1,0
BRDA:164,18,0,0
BRDA:164,18,1,0
BRDA:165,19,0,0
BRDA:165,19,1,0
BRDA:179,20,0,0
BRDA:179,20,1,0
BRDA:182,21,0,0
BRDA:182,21,1,0
BRDA:186,22,0,0
BRDA:186,22,1,0
BRDA:193,23,0,0
BRDA:193,23,1,0
BRDA:207,24,0,0
BRDA:207,24,1,0
BRDA:207,25,0,0
BRDA:207,25,1,0
BRDA:242,26,0,0
BRDA:242,26,1,0
BRDA:307,27,0,0
BRDA:307,27,1,0
BRDA:312,28,0,0
BRDA:312,28,1,0
BRDA:314,29,0,0
BRDA:314,29,1,0
BRDA:314,30,0,0
BRDA:314,30,1,0
BRDA:317,31,0,0
BRDA:317,31,1,0
BRDA:318,32,0,0
BRDA:318,32,1,0
BRDA:319,33,0,0
BRDA:319,33,1,0
BRDA:319,33,2,0
BRDA:319,33,3,0
BRDA:319,33,4,0
BRDA:319,33,5,0
BRDA:334,34,0,0
BRDA:334,34,1,0
BRDA:340,35,0,0
BRDA:340,35,1,0
BRDA:360,36,0,0
BRDA:360,36,1,0
BRDA:364,37,0,0
BRDA:364,37,1,0
BRDA:373,38,0,0
BRDA:373,38,1,0
BRDA:469,39,0,0
BRDA:469,39,1,0
BRDA:510,40,0,0
BRDA:510,40,1,0
BRDA:514,41,0,0
BRDA:514,41,1,0
BRDA:518,42,0,0
BRDA:518,42,1,0
BRDA:549,43,0,0
BRDA:549,43,1,0
BRDA:633,44,0,0
BRDA:633,44,1,0
BRDA:639,45,0,0
BRDA:639,45,1,0
BRDA:659,46,0,0
BRDA:659,46,1,0
BRDA:659,47,0,0
BRDA:659,47,1,0
BRDA:701,48,0,0
BRDA:701,48,1,0
BRF:106
BRH:0
end_of_record
TN:
SF:src\services\auth.services.ts
FN:38,(anonymous_1)
FN:101,(anonymous_2)
FN:132,(anonymous_3)
FN:157,(anonymous_4)
FN:182,(anonymous_5)
FN:215,(anonymous_6)
FN:223,(anonymous_7)
FN:238,(anonymous_8)
FN:272,(anonymous_9)
FN:290,(anonymous_10)
FNF:10
FNH:0
FNDA:0,(anonymous_1)
FNDA:0,(anonymous_2)
FNDA:0,(anonymous_3)
FNDA:0,(anonymous_4)
FNDA:0,(anonymous_5)
FNDA:0,(anonymous_6)
FNDA:0,(anonymous_7)
FNDA:0,(anonymous_8)
FNDA:0,(anonymous_9)
FNDA:0,(anonymous_10)
DA:2,0
DA:3,0
DA:4,0
DA:5,0
DA:6,0
DA:11,0
DA:12,0
DA:13,0
DA:14,0
DA:34,0
DA:40,0
DA:42,0
DA:44,0
DA:47,0
DA:50,0
DA:51,0
DA:52,0
DA:54,0
DA:63,0
DA:65,0
DA:66,0
DA:67,0
DA:69,0
DA:70,0
DA:72,0
DA:77,0
DA:84,0
DA:90,0
DA:91,0
DA:92,0
DA:95,0
DA:103,0
DA:105,0
DA:106,0
DA:110,0
DA:112,0
DA:113,0
DA:116,0
DA:118,0
DA:119,0
DA:120,0
DA:123,0
DA:126,0
DA:137,0
DA:139,0
DA:140,0
DA:144,0
DA:146,0
DA:147,0
DA:151,0
DA:162,0
DA:164,0
DA:165,0
DA:169,0
DA:171,0
DA:172,0
DA:176,0
DA:185,0
DA:187,0
DA:190,0
DA:194,0
DA:195,0
DA:199,0
DA:206,0
DA:208,0
DA:216,0
DA:217,0
DA:224,0
DA:228,0
DA:229,0
DA:232,0
DA:239,0
DA:243,0
DA:244,0
DA:248,0
DA:255,0
DA:256,0
DA:259,0
DA:260,0
DA:262,0
DA:274,0
DA:275,0
DA:277,0
DA:278,0
DA:282,0
DA:290,0
DA:298,0
LF:87
LH:0
BRDA:42,0,0,0
BRDA:42,0,1,0
BRDA:63,1,0,0
BRDA:63,1,1,0
BRDA:65,2,0,0
BRDA:65,2,1,0
BRDA:69,3,0,0
BRDA:69,3,1,0
BRDA:90,4,0,0
BRDA:90,4,1,0
BRDA:105,5,0,0
BRDA:105,5,1,0
BRDA:112,6,0,0
BRDA:112,6,1,0
BRDA:118,7,0,0
BRDA:118,7,1,0
BRDA:139,8,0,0
BRDA:139,8,1,0
BRDA:139,9,0,0
BRDA:139,9,1,0
BRDA:146,10,0,0
BRDA:146,10,1,0
BRDA:164,11,0,0
BRDA:164,11,1,0
BRDA:164,12,0,0
BRDA:164,12,1,0
BRDA:171,13,0,0
BRDA:171,13,1,0
BRDA:194,14,0,0
BRDA:194,14,1,0
BRDA:228,15,0,0
BRDA:228,15,1,0
BRDA:243,16,0,0
BRDA:243,16,1,0
BRDA:250,17,0,0
BRDA:250,17,1,0
BRDA:275,18,0,0
BRDA:275,18,1,0
BRDA:275,19,0,0
BRDA:275,19,1,0
BRDA:275,19,2,0
BRDA:279,20,0,0
BRDA:279,20,1,0
BRDA:279,21,0,0
BRDA:279,21,1,0
BRDA:290,22,0,0
BRDA:290,22,1,0
BRF:47
BRH:0
end_of_record
TN:
SF:src\services\booking.service.ts
FN:19,(anonymous_1)
FN:159,(anonymous_2)
FN:214,(anonymous_3)
FN:242,(anonymous_4)
FN:277,(anonymous_5)
FN:336,(anonymous_6)
FN:382,(anonymous_7)
FNF:7
FNH:0
FNDA:0,(anonymous_1)
FNDA:0,(anonymous_2)
FNDA:0,(anonymous_3)
FNDA:0,(anonymous_4)
FNDA:0,(anonymous_5)
FNDA:0,(anonymous_6)
FNDA:0,(anonymous_7)
DA:2,0
DA:3,0
DA:4,0
DA:28,0
DA:30,0
DA:33,0
DA:34,0
DA:38,0
DA:41,0
DA:42,0
DA:46,0
DA:49,0
DA:50,0
DA:54,0
DA:58,0
DA:62,0
DA:67,0
DA:68,0
DA:75,0
DA:76,0
DA:81,0
DA:88,0
DA:89,0
DA:95,0
DA:108,0
DA:113,0
DA:117,0
DA:151,0
DA:152,0
DA:163,0
DA:165,0
DA:168,0
DA:169,0
DA:173,0
DA:178,0
DA:179,0
DA:182,0
DA:206,0
DA:207,0
DA:226,0
DA:228,0
DA:231,0
DA:232,0
DA:236,0
DA:242,0
DA:264,0
DA:269,0
DA:270,0
DA:282,0
DA:284,0
DA:287,0
DA:288,0
DA:292,0
DA:297,0
DA:298,0
DA:302,0
DA:303,0
DA:306,0
DA:307,0
DA:311,0
DA:312,0
DA:314,0
DA:316,0
DA:317,0
DA:323,0
DA:325,0
DA:327,0
DA:328,0
DA:341,0
DA:343,0
DA:344,0
DA:345,0
DA:348,0
DA:349,0
DA:350,0
DA:354,0
DA:355,0
DA:356,0
DA:357,0
DA:359,0
DA:360,0
DA:361,0
DA:364,0
DA:371,0
DA:373,0
DA:374,0
DA:403,0
DA:405,0
DA:408,0
DA:409,0
DA:413,0
DA:416,0
DA:417,0
DA:421,0
DA:427,0
DA:429,0
DA:434,0
DA:441,0
DA:445,0
DA:448,0
DA:452,0
DA:454,0
DA:461,0
DA:466,0
DA:467,0
DA:474,0
DA:475,0
DA:480,0
DA:487,0
DA:488,0
DA:494,0
DA:507,0
DA:512,0
DA:516,0
DA:550,0
DA:551,0
DA:556,0
LF:117
LH:0
BRDA:33,0,0,0
BRDA:33,0,1,0
BRDA:41,1,0,0
BRDA:41,1,1,0
BRDA:49,2,0,0
BRDA:49,2,1,0
BRDA:54,3,0,0
BRDA:54,3,1,0
BRDA:55,4,0,0
BRDA:55,4,1,0
BRDA:67,5,0,0
BRDA:67,5,1,0
BRDA:75,6,0,0
BRDA:75,6,1,0
BRDA:88,7,0,0
BRDA:88,7,1,0
BRDA:137,8,0,0
BRDA:137,8,1,0
BRDA:168,9,0,0
BRDA:168,9,1,0
BRDA:178,10,0,0
BRDA:178,10,1,0
BRDA:198,11,0,0
BRDA:198,11,1,0
BRDA:231,12,0,0
BRDA:231,12,1,0
BRDA:287,13,0,0
BRDA:287,13,1,0
BRDA:297,14,0,0
BRDA:297,14,1,0
BRDA:302,15,0,0
BRDA:302,15,1,0
BRDA:306,16,0,0
BRDA:306,16,1,0
BRDA:316,17,0,0
BRDA:316,17,1,0
BRDA:344,18,0,0
BRDA:344,18,1,0
BRDA:349,19,0,0
BRDA:349,19,1,0
BRDA:408,20,0,0
BRDA:408,20,1,0
BRDA:416,21,0,0
BRDA:416,21,1,0
BRDA:427,22,0,0
BRDA:427,22,1,0
BRDA:452,23,0,0
BRDA:452,23,1,0
BRDA:466,24,0,0
BRDA:466,24,1,0
BRDA:474,25,0,0
BRDA:474,25,1,0
BRDA:487,26,0,0
BRDA:487,26,1,0
BRDA:542,27,0,0
BRDA:542,27,1,0
BRF:56
BRH:0
end_of_record
TN:
SF:src\services\centre.service.ts
FN:21,(anonymous_0)
FN:34,(anonymous_1)
FN:40,(anonymous_2)
FN:53,(anonymous_3)
FN:78,(anonymous_4)
FN:112,(anonymous_5)
FN:128,(anonymous_6)
FN:145,(anonymous_7)
FNF:8
FNH:0
FNDA:0,(anonymous_0)
FNDA:0,(anonymous_1)
FNDA:0,(anonymous_2)
FNDA:0,(anonymous_3)
FNDA:0,(anonymous_4)
FNDA:0,(anonymous_5)
FNDA:0,(anonymous_6)
FNDA:0,(anonymous_7)
DA:2,0
DA:3,0
DA:17,0
DA:23,0
DA:27,0
DA:32,0
DA:34,0
DA:41,0
DA:43,0
DA:44,0
DA:47,0
DA:62,0
DA:63,0
DA:64,0
DA:67,0
DA:72,0
DA:90,0
DA:91,0
DA:92,0
DA:96,0
DA:97,0
DA:98,0
DA:99,0
DA:101,0
DA:104,0
DA:106,0
DA:114,0
DA:115,0
DA:116,0
DA:122,0
DA:133,0
DA:134,0
DA:135,0
DA:138,0
DA:139,0
DA:146,0
DA:150,0
DA:164,0
LF:38
LH:0
BRDA:23,0,0,0
BRDA:23,0,1,0
BRDA:24,1,0,0
BRDA:24,1,1,0
BRDA:43,2,0,0
BRDA:43,2,1,0
BRDA:63,3,0,0
BRDA:63,3,1,0
BRDA:91,4,0,0
BRDA:91,4,1,0
BRDA:96,5,0,0
BRDA:96,5,1,0
BRDA:98,6,0,0
BRDA:98,6,1,0
BRDA:115,7,0,0
BRDA:115,7,1,0
BRDA:134,8,0,0
BRDA:134,8,1,0
BRF:18
BRH:0
end_of_record
TN:
SF:src\services\notification.service.ts
FN:13,(anonymous_1)
FN:84,(anonymous_2)
FN:154,(anonymous_3)
FN:209,(anonymous_4)
FN:270,(anonymous_5)
FN:325,(anonymous_6)
FN:340,(anonymous_7)
FN:355,(anonymous_8)
FNF:8
FNH:0
FNDA:0,(anonymous_1)
FNDA:0,(anonymous_2)
FNDA:0,(anonymous_3)
FNDA:0,(anonymous_4)
FNDA:0,(anonymous_5)
FNDA:0,(anonymous_6)
FNDA:0,(anonymous_7)
FNDA:0,(anonymous_8)
DA:2,0
DA:3,0
DA:4,0
DA:5,0
DA:6,0
DA:7,0
DA:9,0
DA:14,0
DA:16,0
DA:20,0
DA:21,0
DA:25,0
DA:26,0
DA:27,0
DA:31,0
DA:40,0
DA:48,0
DA:58,0
DA:69,0
DA:73,0
DA:75,0
DA:77,0
DA:85,0
DA:86,0
DA:90,0
DA:91,0
DA:94,0
DA:95,0
DA:96,0
DA:99,0
DA:108,0
DA:115,0
DA:128,0
DA:133,0
DA:144,0
DA:146,0
DA:147,0
DA:155,0
DA:156,0
DA:160,0
DA:161,0
DA:164,0
DA:165,0
DA:166,0
DA:169,0
DA:173,0
DA:180,0
DA:188,0
DA:199,0
DA:201,0
DA:202,0
DA:210,0
DA:211,0
DA:215,0
DA:216,0
DA:219,0
DA:220,0
DA:221,0
DA:224,0
DA:233,0
DA:240,0
DA:249,0
DA:260,0
DA:262,0
DA:263,0
DA:271,0
DA:272,0
DA:276,0
DA:277,0
DA:280,0
DA:281,0
DA:282,0
DA:285,0
DA:289,0
DA:296,0
DA:304,0
DA:315,0
DA:317,0
DA:318,0
DA:334,0
DA:341,0
DA:345,0
DA:346,0
DA:349,0
DA:356,0
DA:363,0
LF:86
LH:0
BRDA:20,0,0,0
BRDA:20,0,1,0
BRDA:26,1,0,0
BRDA:26,1,1,0
BRDA:65,2,0,0
BRDA:65,2,1,0
BRDA:90,3,0,0
BRDA:90,3,1,0
BRDA:95,4,0,0
BRDA:95,4,1,0
BRDA:140,5,0,0
BRDA:140,5,1,0
BRDA:160,6,0,0
BRDA:160,6,1,0
BRDA:165,7,0,0
BRDA:165,7,1,0
BRDA:195,8,0,0
BRDA:195,8,1,0
BRDA:215,9,0,0
BRDA:215,9,1,0
BRDA:220,10,0,0
BRDA:220,10,1,0
BRDA:256,11,0,0
BRDA:256,11,1,0
BRDA:276,12,0,0
BRDA:276,12,1,0
BRDA:281,13,0,0
BRDA:281,13,1,0
BRDA:311,14,0,0
BRDA:311,14,1,0
BRDA:345,15,0,0
BRDA:345,15,1,0
BRF:32
BRH:0
end_of_record
TN:
SF:src\services\patient-auth.service.ts
FN:13,(anonymous_1)
FN:20,(anonymous_2)
FN:29,(anonymous_3)
FN:38,(anonymous_4)
FN:49,(anonymous_5)
FN:60,(anonymous_6)
FN:98,(anonymous_7)
FN:193,(anonymous_8)
FN:237,(anonymous_9)
FN:258,(anonymous_10)
FN:300,(anonymous_11)
FNF:11
FNH:0
FNDA:0,(anonymous_1)
FNDA:0,(anonymous_2)
FNDA:0,(anonymous_3)
FNDA:0,(anonymous_4)
FNDA:0,(anonymous_5)
FNDA:0,(anonymous_6)
FNDA:0,(anonymous_7)
FNDA:0,(anonymous_8)
FNDA:0,(anonymous_9)
FNDA:0,(anonymous_10)
FNDA:0,(anonymous_11)
DA:2,0
DA:3,0
DA:4,0
DA:5,0
DA:7,0
DA:14,0
DA:21,0
DA:30,0
DA:39,0
DA:40,0
DA:42,0
DA:50,0
DA:51,0
DA:53,0
DA:61,0
DA:63,0
DA:66,0
DA:69,0
DA:70,0
DA:72,0
DA:73,0
DA:75,0
DA:80,0
DA:86,0
DA:87,0
DA:90,0
DA:91,0
DA:110,0
DA:112,0
DA:114,0
DA:115,0
DA:119,0
DA:120,0
DA:122,0
DA:124,0
DA:125,0
DA:128,0
DA:129,0
DA:131,0
DA:132,0
DA:134,0
DA:135,0
DA:136,0
DA:138,0
DA:139,0
DA:144,0
DA:146,0
DA:147,0
DA:151,0
DA:158,0
DA:159,0
DA:162,0
DA:164,0
DA:166,0
DA:185,0
DA:186,0
DA:196,0
DA:198,0
DA:201,0
DA:206,0
DA:207,0
DA:211,0
DA:213,0
DA:214,0
DA:218,0
DA:225,0
DA:229,0
DA:230,0
DA:238,0
DA:239,0
DA:240,0
DA:245,0
DA:246,0
DA:247,0
DA:250,0
DA:262,0
DA:264,0
DA:265,0
DA:268,0
DA:270,0
DA:271,0
DA:274,0
DA:316,0
DA:317,0
DA:318,0
DA:320,0
DA:321,0
DA:325,0
DA:326,0
DA:327,0
DA:328,0
DA:329,0
DA:330,0
DA:331,0
DA:332,0
DA:334,0
DA:335,0
DA:339,0
DA:343,0
LF:99
LH:0
BRDA:69,0,0,0
BRDA:69,0,1,0
BRDA:72,1,0,0
BRDA:72,1,1,0
BRDA:86,2,0,0
BRDA:86,2,1,0
BRDA:114,3,0,0
BRDA:114,3,1,0
BRDA:122,4,0,0
BRDA:122,4,1,0
BRDA:124,5,0,0
BRDA:124,5,1,0
BRDA:132,6,0,0
BRDA:132,6,1,0
BRDA:132,7,0,0
BRDA:132,7,1,0
BRDA:135,8,0,0
BRDA:135,8,1,0
BRDA:136,9,0,0
BRDA:136,9,1,0
BRDA:138,10,0,0
BRDA:138,10,1,0
BRDA:146,11,0,0
BRDA:146,11,1,0
BRDA:206,12,0,0
BRDA:206,12,1,0
BRDA:213,13,0,0
BRDA:213,13,1,0
BRDA:213,14,0,0
BRDA:213,14,1,0
BRDA:245,15,0,0
BRDA:245,15,1,0
BRDA:264,16,0,0
BRDA:264,16,1,0
BRDA:270,17,0,0
BRDA:270,17,1,0
BRDA:317,18,0,0
BRDA:317,18,1,0
BRDA:318,19,0,0
BRDA:318,19,1,0
BRDA:320,20,0,0
BRDA:320,20,1,0
BRDA:326,21,0,0
BRDA:326,21,1,0
BRDA:327,22,0,0
BRDA:327,22,1,0
BRDA:328,23,0,0
BRDA:328,23,1,0
BRDA:329,24,0,0
BRDA:329,24,1,0
BRDA:331,25,0,0
BRDA:331,25,1,0
BRDA:334,26,0,0
BRDA:334,26,1,0
BRF:54
BRH:0
end_of_record
TN:
SF:src\services\patient.services.ts
FN:14,(anonymous_0)
FN:22,(anonymous_1)
FN:44,(anonymous_2)
FN:55,(anonymous_3)
FN:83,(anonymous_4)
FN:105,(anonymous_5)
FN:119,(anonymous_6)
FNF:7
FNH:0
FNDA:0,(anonymous_0)
FNDA:0,(anonymous_1)
FNDA:0,(anonymous_2)
FNDA:0,(anonymous_3)
FNDA:0,(anonymous_4)
FNDA:0,(anonymous_5)
FNDA:0,(anonymous_6)
DA:2,0
DA:3,0
DA:4,0
DA:10,0
DA:16,0
DA:24,0
DA:25,0
DA:26,0
DA:30,0
DA:35,0
DA:37,0
DA:45,0
DA:46,0
DA:47,0
DA:49,0
DA:56,0
DA:60,0
DA:61,0
DA:62,0
DA:68,0
DA:84,0
DA:88,0
DA:89,0
DA:90,0
DA:94,0
DA:95,0
DA:96,0
DA:99,0
DA:108,0
DA:109,0
DA:110,0
DA:113,0
DA:120,0
DA:124,0
DA:125,0
DA:126,0
DA:130,0
DA:138,0
LF:38
LH:0
BRDA:25,0,0,0
BRDA:25,0,1,0
BRDA:46,1,0,0
BRDA:46,1,1,0
BRDA:61,2,0,0
BRDA:61,2,1,0
BRDA:89,3,0,0
BRDA:89,3,1,0
BRDA:95,4,0,0
BRDA:95,4,1,0
BRDA:109,5,0,0
BRDA:109,5,1,0
BRDA:125,6,0,0
BRDA:125,6,1,0
BRF:14
BRH:0
end_of_record
TN:
SF:src\services\payment-link.service.ts
FN:26,(anonymous_1)
FN:36,(anonymous_2)
FN:77,(anonymous_3)
FN:122,(anonymous_4)
FN:150,(anonymous_5)
FN:170,(anonymous_6)
FN:200,(anonymous_7)
FNF:7
FNH:0
FNDA:0,(anonymous_1)
FNDA:0,(anonymous_2)
FNDA:0,(anonymous_3)
FNDA:0,(anonymous_4)
FNDA:0,(anonymous_5)
FNDA:0,(anonymous_6)
FNDA:0,(anonymous_7)
DA:2,0
DA:3,0
DA:4,0
DA:5,0
DA:27,0
DA:39,0
DA:41,0
DA:44,0
DA:52,0
DA:53,0
DA:61,0
DA:65,0
DA:67,0
DA:68,0
DA:80,0
DA:81,0
DA:104,0
DA:106,0
DA:112,0
DA:113,0
DA:128,0
DA:129,0
DA:137,0
DA:139,0
DA:141,0
DA:156,0
DA:159,0
DA:160,0
DA:162,0
DA:175,0
DA:201,0
DA:202,0
DA:205,0
DA:207,0
DA:211,0
DA:217,0
DA:218,0
DA:223,0
LF:38
LH:0
BRDA:52,0,0,0
BRDA:52,0,1,0
BRDA:69,1,0,0
BRDA:69,1,1,0
BRDA:84,2,0,0
BRDA:84,2,1,0
BRDA:88,3,0,0
BRDA:88,3,1,0
BRDA:97,4,0,0
BRDA:97,4,1,0
BRDA:114,5,0,0
BRDA:114,5,1,0
BRDA:207,6,0,0
BRDA:207,6,1,0
BRDA:207,7,0,0
BRDA:207,7,1,0
BRDA:208,8,0,0
BRDA:208,8,1,0
BRF:18
BRH:0
end_of_record
TN:
SF:src\services\payment.service.ts
FN:14,(anonymous_1)
FN:102,(anonymous_2)
FN:214,(anonymous_3)
FN:331,(anonymous_4)
FN:407,(anonymous_5)
FN:450,(anonymous_6)
FN:473,(anonymous_7)
FN:495,(anonymous_8)
FNF:8
FNH:0
FNDA:0,(anonymous_1)
FNDA:0,(anonymous_2)
FNDA:0,(anonymous_3)
FNDA:0,(anonymous_4)
FNDA:0,(anonymous_5)
FNDA:0,(anonymous_6)
FNDA:0,(anonymous_7)
FNDA:0,(anonymous_8)
DA:2,0
DA:3,0
DA:4,0
DA:5,0
DA:6,0
DA:7,0
DA:8,0
DA:24,0
DA:26,0
DA:29,0
DA:30,0
DA:34,0
DA:39,0
DA:40,0
DA:45,0
DA:47,0
DA:48,0
DA:52,0
DA:53,0
DA:56,0
DA:68,0
DA:76,0
DA:80,0
DA:94,0
DA:95,0
DA:115,0
DA:117,0
DA:120,0
DA:121,0
DA:125,0
DA:130,0
DA:131,0
DA:135,0
DA:141,0
DA:143,0
DA:149,0
DA:153,0
DA:158,0
DA:171,0
DA:176,0
DA:181,0
DA:184,0
DA:188,0
DA:205,0
DA:206,0
DA:219,0
DA:221,0
DA:222,0
DA:223,0
DA:224,0
DA:228,0
DA:229,0
DA:234,0
DA:240,0
DA:242,0
DA:244,0
DA:245,0
DA:250,0
DA:253,0
DA:257,0
DA:266,0
DA:272,0
DA:277,0
DA:278,0
DA:287,0
DA:292,0
DA:294,0
DA:295,0
DA:307,0
DA:308,0
DA:317,0
DA:323,0
DA:332,0
DA:334,0
DA:342,0
DA:347,0
DA:348,0
DA:349,0
DA:353,0
DA:354,0
DA:356,0
DA:358,0
DA:359,0
DA:362,0
DA:368,0
DA:370,0
DA:372,0
DA:377,0
DA:381,0
DA:383,0
DA:385,0
DA:391,0
DA:397,0
DA:399,0
DA:400,0
DA:408,0
DA:410,0
DA:413,0
DA:414,0
DA:418,0
DA:422,0
DA:423,0
DA:427,0
DA:428,0
DA:431,0
DA:442,0
DA:443,0
DA:458,0
DA:460,0
DA:463,0
DA:464,0
DA:468,0
DA:473,0
DA:486,0
DA:487,0
DA:505,0
DA:507,0
DA:511,0
DA:512,0
DA:517,0
DA:519,0
DA:520,0
DA:524,0
DA:525,0
DA:528,0
DA:536,0
DA:541,0
DA:543,0
DA:550,0
DA:562,0
DA:563,0
DA:568,0
DA:574,0
DA:575,0
DA:576,0
DA:586,0
DA:588,0
DA:589,0
DA:593,0
DA:598,0
DA:603,0
DA:610,0
DA:611,0
DA:616,0
LF:144
LH:0
BRDA:29,0,0,0
BRDA:29,0,1,0
BRDA:39,1,0,0
BRDA:39,1,1,0
BRDA:47,2,0,0
BRDA:47,2,1,0
BRDA:47,3,0,0
BRDA:47,3,1,0
BRDA:52,4,0,0
BRDA:52,4,1,0
BRDA:84,5,0,0
BRDA:84,5,1,0
BRDA:120,6,0,0
BRDA:120,6,1,0
BRDA:130,7,0,0
BRDA:130,7,1,0
BRDA:141,8,0,0
BRDA:141,8,1,0
BRDA:222,9,0,0
BRDA:222,9,1,0
BRDA:222,10,0,0
BRDA:222,10,1,0
BRDA:242,11,0,0
BRDA:242,11,1,0
BRDA:277,12,0,0
BRDA:277,12,1,0
BRDA:294,13,0,0
BRDA:294,13,1,0
BRDA:307,14,0,0
BRDA:307,14,1,0
BRDA:347,15,0,0
BRDA:347,15,1,0
BRDA:356,16,0,0
BRDA:356,16,1,0
BRDA:356,17,0,0
BRDA:356,17,1,0
BRDA:370,18,0,0
BRDA:370,18,1,0
BRDA:381,19,0,0
BRDA:381,19,1,0
BRDA:381,20,0,0
BRDA:381,20,1,0
BRDA:413,21,0,0
BRDA:413,21,1,0
BRDA:422,22,0,0
BRDA:422,22,1,0
BRDA:427,23,0,0
BRDA:427,23,1,0
BRDA:463,24,0,0
BRDA:463,24,1,0
BRDA:511,25,0,0
BRDA:511,25,1,0
BRDA:519,26,0,0
BRDA:519,26,1,0
BRDA:519,27,0,0
BRDA:519,27,1,0
BRDA:524,28,0,0
BRDA:524,28,1,0
BRDA:541,29,0,0
BRDA:541,29,1,0
BRDA:575,30,0,0
BRDA:575,30,1,0
BRDA:588,31,0,0
BRDA:588,31,1,0
BRF:64
BRH:0
end_of_record
TN:
SF:src\services\staff.service.ts
FN:16,(anonymous_0)
FN:23,(anonymous_1)
FN:34,(anonymous_2)
FN:39,(anonymous_3)
FN:49,(anonymous_4)
FN:73,(anonymous_5)
FN:88,(anonymous_6)
FN:102,(anonymous_7)
FN:109,(anonymous_8)
FN:123,(anonymous_9)
FN:144,(anonymous_10)
FN:155,(anonymous_11)
FN:189,(anonymous_12)
FN:235,(anonymous_13)
FN:250,(anonymous_14)
FN:268,(anonymous_15)
FN:281,(anonymous_16)
FN:293,(anonymous_17)
FN:311,(anonymous_18)
FN:324,(anonymous_19)
FN:340,(anonymous_20)
FN:349,(anonymous_21)
FN:386,(anonymous_22)
FN:409,(anonymous_23)
FN:418,(anonymous_24)
FN:456,(anonymous_25)
FN:479,(anonymous_26)
FN:488,(anonymous_27)
FN:526,(anonymous_28)
FN:549,(anonymous_29)
FN:558,(anonymous_30)
FNF:31
FNH:0
FNDA:0,(anonymous_0)
FNDA:0,(anonymous_1)
FNDA:0,(anonymous_2)
FNDA:0,(anonymous_3)
FNDA:0,(anonymous_4)
FNDA:0,(anonymous_5)
FNDA:0,(anonymous_6)
FNDA:0,(anonymous_7)
FNDA:0,(anonymous_8)
FNDA:0,(anonymous_9)
FNDA:0,(anonymous_10)
FNDA:0,(anonymous_11)
FNDA:0,(anonymous_12)
FNDA:0,(anonymous_13)
FNDA:0,(anonymous_14)
FNDA:0,(anonymous_15)
FNDA:0,(anonymous_16)
FNDA:0,(anonymous_17)
FNDA:0,(anonymous_18)
FNDA:0,(anonymous_19)
FNDA:0,(anonymous_20)
FNDA:0,(anonymous_21)
FNDA:0,(anonymous_22)
FNDA:0,(anonymous_23)
FNDA:0,(anonymous_24)
FNDA:0,(anonymous_25)
FNDA:0,(anonymous_26)
FNDA:0,(anonymous_27)
FNDA:0,(anonymous_28)
FNDA:0,(anonymous_29)
FNDA:0,(anonymous_30)
DA:2,0
DA:3,0
DA:4,0
DA:12,0
DA:17,0
DA:24,0
DA:25,0
DA:26,0
DA:28,0
DA:35,0
DA:38,0
DA:39,0
DA:40,0
DA:41,0
DA:47,0
DA:48,0
DA:49,0
DA:51,0
DA:52,0
DA:56,0
DA:74,0
DA:77,0
DA:78,0
DA:79,0
DA:82,0
DA:90,0
DA:91,0
DA:92,0
DA:95,0
DA:96,0
DA:103,0
DA:110,0
DA:111,0
DA:112,0
DA:114,0
DA:127,0
DA:129,0
DA:142,0
DA:143,0
DA:144,0
DA:146,0
DA:147,0
DA:153,0
DA:154,0
DA:155,0
DA:157,0
DA:158,0
DA:163,0
DA:168,0
DA:169,0
DA:171,0
DA:174,0
DA:175,0
DA:176,0
DA:181,0
DA:187,0
DA:188,0
DA:189,0
DA:191,0
DA:192,0
DA:196,0
DA:214,0
DA:236,0
DA:239,0
DA:240,0
DA:241,0
DA:244,0
DA:252,0
DA:253,0
DA:254,0
DA:257,0
DA:258,0
DA:259,0
DA:261,0
DA:270,0
DA:271,0
DA:272,0
DA:275,0
DA:282,0
DA:283,0
DA:284,0
DA:287,0
DA:294,0
DA:297,0
DA:298,0
DA:299,0
DA:302,0
DA:313,0
DA:314,0
DA:315,0
DA:318,0
DA:332,0
DA:333,0
DA:339,0
DA:340,0
DA:341,0
DA:342,0
DA:348,0
DA:349,0
DA:351,0
DA:352,0
DA:356,0
DA:369,0
DA:395,0
DA:402,0
DA:408,0
DA:409,0
DA:410,0
DA:411,0
DA:417,0
DA:418,0
DA:420,0
DA:421,0
DA:425,0
DA:438,0
DA:465,0
DA:472,0
DA:478,0
DA:479,0
DA:480,0
DA:481,0
DA:487,0
DA:488,0
DA:490,0
DA:491,0
DA:495,0
DA:508,0
DA:535,0
DA:542,0
DA:548,0
DA:549,0
DA:550,0
DA:551,0
DA:557,0
DA:558,0
DA:560,0
DA:561,0
DA:565,0
DA:578,0
DA:594,0
LF:140
LH:0
BRDA:25,0,0,0
BRDA:25,0,1,0
BRDA:40,1,0,0
BRDA:40,1,1,0
BRDA:47,2,0,0
BRDA:47,2,1,0
BRDA:51,3,0,0
BRDA:51,3,1,0
BRDA:78,4,0,0
BRDA:78,4,1,0
BRDA:91,5,0,0
BRDA:91,5,1,0
BRDA:111,6,0,0
BRDA:111,6,1,0
BRDA:127,7,0,0
BRDA:127,7,1,0
BRDA:127,8,0,0
BRDA:127,8,1,0
BRDA:127,8,2,0
BRDA:127,8,3,0
BRDA:134,9,0,0
BRDA:134,9,1,0
BRDA:136,10,0,0
BRDA:136,10,1,0
BRDA:138,11,0,0
BRDA:138,11,1,0
BRDA:146,12,0,0
BRDA:146,12,1,0
BRDA:153,13,0,0
BRDA:153,13,1,0
BRDA:157,14,0,0
BRDA:157,14,1,0
BRDA:166,15,0,0
BRDA:166,15,1,0
BRDA:169,16,0,0
BRDA:169,16,1,0
BRDA:175,17,0,0
BRDA:175,17,1,0
BRDA:191,18,0,0
BRDA:191,18,1,0
BRDA:201,19,0,0
BRDA:201,19,1,0
BRDA:206,20,0,0
BRDA:206,20,1,0
BRDA:240,21,0,0
BRDA:240,21,1,0
BRDA:253,22,0,0
BRDA:253,22,1,0
BRDA:271,23,0,0
BRDA:271,23,1,0
BRDA:283,24,0,0
BRDA:283,24,1,0
BRDA:298,25,0,0
BRDA:298,25,1,0
BRDA:314,26,0,0
BRDA:314,26,1,0
BRDA:318,27,0,0
BRDA:318,27,1,0
BRDA:332,28,0,0
BRDA:332,28,1,0
BRDA:332,29,0,0
BRDA:332,29,1,0
BRDA:332,29,2,0
BRDA:332,29,3,0
BRDA:341,30,0,0
BRDA:341,30,1,0
BRDA:351,31,0,0
BRDA:351,31,1,0
BRDA:395,32,0,0
BRDA:395,32,1,0
BRDA:396,33,0,0
BRDA:396,33,1,0
BRDA:396,33,2,0
BRDA:396,33,3,0
BRDA:396,33,4,0
BRDA:410,34,0,0
BRDA:410,34,1,0
BRDA:420,35,0,0
BRDA:420,35,1,0
BRDA:465,36,0,0
BRDA:465,36,1,0
BRDA:466,37,0,0
BRDA:466,37,1,0
BRDA:466,37,2,0
BRDA:466,37,3,0
BRDA:466,37,4,0
BRDA:480,38,0,0
BRDA:480,38,1,0
BRDA:490,39,0,0
BRDA:490,39,1,0
BRDA:535,40,0,0
BRDA:535,40,1,0
BRDA:536,41,0,0
BRDA:536,41,1,0
BRDA:536,41,2,0
BRDA:536,41,3,0
BRDA:536,41,4,0
BRDA:550,42,0,0
BRDA:550,42,1,0
BRDA:560,43,0,0
BRDA:560,43,1,0
BRF:101
BRH:0
end_of_record
TN:
SF:src\services\video.service.ts
FN:13,(anonymous_1)
FN:82,(anonymous_2)
FN:122,(anonymous_3)
FN:166,(anonymous_4)
FN:193,(anonymous_5)
FN:224,(anonymous_6)
FNF:6
FNH:0
FNDA:0,(anonymous_1)
FNDA:0,(anonymous_2)
FNDA:0,(anonymous_3)
FNDA:0,(anonymous_4)
FNDA:0,(anonymous_5)
FNDA:0,(anonymous_6)
DA:2,0
DA:3,0
DA:4,0
DA:5,0
DA:6,0
DA:7,0
DA:9,0
DA:15,0
DA:16,0
DA:22,0
DA:26,0
DA:27,0
DA:31,0
DA:32,0
DA:38,0
DA:42,0
DA:43,0
DA:44,0
DA:48,0
DA:49,0
DA:50,0
DA:53,0
DA:55,0
DA:64,0
DA:70,0
DA:72,0
DA:74,0
DA:75,0
DA:83,0
DA:87,0
DA:88,0
DA:91,0
DA:95,0
DA:97,0
DA:98,0
DA:99,0
DA:100,0
DA:106,0
DA:112,0
DA:115,0
DA:123,0
DA:125,0
DA:126,0
DA:130,0
DA:134,0
DA:138,0
DA:139,0
DA:143,0
DA:144,0
DA:148,0
DA:150,0
DA:152,0
DA:155,0
DA:159,0
DA:167,0
DA:171,0
DA:172,0
DA:175,0
DA:179,0
DA:180,0
DA:182,0
DA:194,0
DA:198,0
DA:199,0
DA:203,0
DA:208,0
DA:209,0
DA:211,0
DA:216,0
DA:218,0
DA:229,0
DA:233,0
LF:72
LH:0
BRDA:15,0,0,0
BRDA:15,0,1,0
BRDA:26,1,0,0
BRDA:26,1,1,0
BRDA:31,2,0,0
BRDA:31,2,1,0
BRDA:42,3,0,0
BRDA:42,3,1,0
BRDA:49,4,0,0
BRDA:49,4,1,0
BRDA:58,5,0,0
BRDA:58,5,1,0
BRDA:87,6,0,0
BRDA:87,6,1,0
BRDA:95,7,0,0
BRDA:95,7,1,0
BRDA:97,8,0,0
BRDA:97,8,1,0
BRDA:125,9,0,0
BRDA:125,9,1,0
BRDA:138,10,0,0
BRDA:138,10,1,0
BRDA:143,11,0,0
BRDA:143,11,1,0
BRDA:171,12,0,0
BRDA:171,12,1,0
BRDA:179,13,0,0
BRDA:179,13,1,0
BRDA:198,14,0,0
BRDA:198,14,1,0
BRDA:203,15,0,0
BRDA:203,15,1,0
BRDA:204,16,0,0
BRDA:204,16,1,0
BRDA:204,16,2,0
BRF:35
BRH:0
end_of_record
TN:
SF:src\utils\apiError.ts
FN:8,(anonymous_0)
FN:24,(anonymous_1)
FN:29,(anonymous_2)
FN:34,(anonymous_3)
FN:39,(anonymous_4)
FN:44,(anonymous_5)
FN:49,(anonymous_6)
FN:57,(anonymous_7)
FN:62,(anonymous_8)
FN:70,handleDatabaseError
FNF:10
FNH:2
FNDA:26,(anonymous_0)
FNDA:26,(anonymous_1)
FNDA:0,(anonymous_2)
FNDA:0,(anonymous_3)
FNDA:0,(anonymous_4)
FNDA:0,(anonymous_5)
FNDA:0,(anonymous_6)
FNDA:0,(anonymous_7)
FNDA:0,(anonymous_8)
FNDA:0,handleDatabaseError
DA:2,1
DA:14,26
DA:15,26
DA:16,26
DA:17,26
DA:18,26
DA:19,26
DA:20,26
DA:25,26
DA:30,0
DA:35,0
DA:40,0
DA:45,0
DA:53,0
DA:58,0
DA:63,0
DA:70,1
DA:72,0
DA:74,0
DA:77,0
DA:79,0
DA:82,0
DA:84,0
DA:87,0
DA:89,0
DA:92,0
DA:94,0
DA:98,0
DA:99,0
DA:103,0
LF:30
LH:10
BRDA:24,0,0,0
BRDA:29,1,0,0
BRDA:34,2,0,0
BRDA:39,3,0,0
BRDA:44,4,0,0
BRDA:50,5,0,0
BRDA:57,6,0,0
BRDA:62,7,0,0
BRDA:72,8,0,0
BRDA:72,8,1,0
BRDA:77,9,0,0
BRDA:77,9,1,0
BRDA:82,10,0,0
BRDA:82,10,1,0
BRDA:87,11,0,0
BRDA:87,11,1,0
BRDA:92,12,0,0
BRDA:92,12,1,0
BRDA:98,13,0,0
BRDA:98,13,1,0
BRDA:98,14,0,0
BRDA:98,14,1,0
BRF:22
BRH:0
end_of_record
TN:
SF:src\utils\caseTransform.ts
FN:6,snakeToCamel
FN:7,(anonymous_1)
FN:13,camelToSnake
FN:14,(anonymous_3)
FN:20,transformToCamelCase
FN:26,(anonymous_5)
FN:46,transformToSnakeCase
FN:52,(anonymous_7)
FN:73,transformClinicianResponse
FNF:9
FNH:9
FNDA:53,snakeToCamel
FNDA:50,(anonymous_1)
FNDA:11,camelToSnake
FNDA:11,(anonymous_3)
FNDA:78,transformToCamelCase
FNDA:6,(anonymous_5)
FNDA:18,transformToSnakeCase
FNDA:2,(anonymous_7)
FNDA:7,transformClinicianResponse
DA:7,53
DA:14,11
DA:20,1
DA:21,78
DA:22,2
DA:25,76
DA:26,6
DA:29,72
DA:30,22
DA:31,22
DA:32,53
DA:33,53
DA:34,53
DA:37,22
DA:40,50
DA:46,1
DA:47,18
DA:48,2
DA:51,16
DA:52,2
DA:55,15
DA:56,6
DA:57,6
DA:58,11
DA:59,11
DA:60,11
DA:63,6
DA:66,9
DA:73,1
DA:74,7
DA:76,5
DA:79,5
DA:80,3
DA:82,5
DA:83,1
DA:85,5
DA:86,1
DA:88,5
DA:89,3
DA:91,5
DA:92,1
DA:94,5
DA:95,1
DA:97,5
DA:98,1
DA:101,5
DA:102,1
DA:105,5
LF:48
LH:48
BRDA:21,0,0,2
BRDA:21,0,1,76
BRDA:21,1,0,78
BRDA:21,1,1,77
BRDA:25,2,0,4
BRDA:25,2,1,72
BRDA:29,3,0,22
BRDA:29,3,1,50
BRDA:29,4,0,72
BRDA:29,4,1,22
BRDA:32,5,0,53
BRDA:32,5,1,0
BRDA:47,6,0,2
BRDA:47,6,1,16
BRDA:47,7,0,18
BRDA:47,7,1,17
BRDA:51,8,0,1
BRDA:51,8,1,15
BRDA:55,9,0,6
BRDA:55,9,1,9
BRDA:55,10,0,15
BRDA:55,10,1,6
BRDA:58,11,0,11
BRDA:58,11,1,0
BRDA:74,12,0,2
BRDA:74,12,1,5
BRDA:79,13,0,3
BRDA:79,13,1,2
BRDA:82,14,0,1
BRDA:82,14,1,4
BRDA:85,15,0,1
BRDA:85,15,1,4
BRDA:88,16,0,3
BRDA:88,16,1,2
BRDA:91,17,0,1
BRDA:91,17,1,4
BRDA:94,18,0,1
BRDA:94,18,1,4
BRDA:97,19,0,1
BRDA:97,19,1,4
BRDA:101,20,0,1
BRDA:101,20,1,4
BRF:42
BRH:40
end_of_record
TN:
SF:src\utils\email.ts
FN:35,(anonymous_1)
FN:72,(anonymous_2)
FN:79,(anonymous_3)
FN:119,(anonymous_4)
FN:227,(anonymous_5)
FNF:5
FNH:0
FNDA:0,(anonymous_1)
FNDA:0,(anonymous_2)
FNDA:0,(anonymous_3)
FNDA:0,(anonymous_4)
FNDA:0,(anonymous_5)
DA:2,0
DA:4,0
DA:31,0
DA:32,0
DA:33,0
DA:37,0
DA:38,0
DA:39,0
DA:40,0
DA:41,0
DA:43,0
DA:44,0
DA:45,0
DA:55,0
DA:56,0
DA:58,0
DA:60,0
DA:63,0
DA:73,0
DA:80,0
DA:81,0
DA:82,0
DA:85,0
DA:86,0
DA:94,0
DA:96,0
DA:98,0
DA:104,0
DA:109,0
DA:127,0
DA:129,0
DA:197,0
DA:221,0
DA:236,0
DA:238,0
DA:288,0
DA:307,0
DA:312,0
LF:38
LH:0
BRDA:43,0,0,0
BRDA:43,0,1,0
BRDA:43,1,0,0
BRDA:43,1,1,0
BRDA:43,1,2,0
BRDA:43,1,3,0
BRDA:55,2,0,0
BRDA:55,2,1,0
BRDA:73,3,0,0
BRDA:73,3,1,0
BRDA:80,4,0,0
BRDA:80,4,1,0
BRF:12
BRH:0
end_of_record
TN:
SF:src\utils\gallabox.ts
FN:31,(anonymous_1)
FN:60,(anonymous_2)
FN:69,(anonymous_3)
FN:128,(anonymous_4)
FN:221,(anonymous_5)
FN:235,(anonymous_6)
FN:294,(anonymous_7)
FN:377,(anonymous_8)
FN:466,(anonymous_9)
FN:493,(anonymous_10)
FN:517,(anonymous_11)
FN:542,(anonymous_12)
FN:565,(anonymous_13)
FN:599,(anonymous_14)
FNF:14
FNH:0
FNDA:0,(anonymous_1)
FNDA:0,(anonymous_2)
FNDA:0,(anonymous_3)
FNDA:0,(anonymous_4)
FNDA:0,(anonymous_5)
FNDA:0,(anonymous_6)
FNDA:0,(anonymous_7)
FNDA:0,(anonymous_8)
FNDA:0,(anonymous_9)
FNDA:0,(anonymous_10)
FNDA:0,(anonymous_11)
FNDA:0,(anonymous_12)
FNDA:0,(anonymous_13)
FNDA:0,(anonymous_14)
DA:2,0
DA:3,0
DA:4,0
DA:28,0
DA:29,0
DA:33,0
DA:34,0
DA:35,0
DA:45,0
DA:46,0
DA:48,0
DA:51,0
DA:61,0
DA:70,0
DA:71,0
DA:72,0
DA:75,0
DA:76,0
DA:79,0
DA:97,0
DA:102,0
DA:104,0
DA:110,0
DA:116,0
DA:129,0
DA:130,0
DA:131,0
DA:134,0
DA:136,0
DA:139,0
DA:172,0
DA:175,0
DA:176,0
DA:177,0
DA:182,0
DA:186,0
DA:192,0
DA:193,0
DA:194,0
DA:199,0
DA:201,0
DA:208,0
DA:226,0
DA:227,0
DA:228,0
DA:231,0
DA:232,0
DA:235,0
DA:240,0
DA:264,0
DA:269,0
DA:273,0
DA:279,0
DA:284,0
DA:302,0
DA:303,0
DA:304,0
DA:307,0
DA:308,0
DA:311,0
DA:334,0
DA:339,0
DA:343,0
DA:349,0
DA:356,0
DA:357,0
DA:368,0
DA:385,0
DA:386,0
DA:389,0
DA:392,0
DA:393,0
DA:396,0
DA:418,0
DA:423,0
DA:427,0
DA:433,0
DA:443,0
DA:444,0
DA:459,0
DA:474,0
DA:487,0
DA:500,0
DA:511,0
DA:524,0
DA:536,0
DA:549,0
DA:559,0
DA:574,0
DA:593,0
DA:606,0
DA:617,0
DA:622,0
LF:93
LH:0
BRDA:33,0,0,0
BRDA:33,0,1,0
BRDA:33,1,0,0
BRDA:33,1,1,0
BRDA:61,2,0,0
BRDA:61,2,1,0
BRDA:70,3,0,0
BRDA:70,3,1,0
BRDA:106,4,0,0
BRDA:106,4,1,0
BRDA:129,5,0,0
BRDA:129,5,1,0
BRDA:188,6,0,0
BRDA:188,6,1,0
BRDA:226,7,0,0
BRDA:226,7,1,0
BRDA:275,8,0,0
BRDA:275,8,1,0
BRDA:302,9,0,0
BRDA:302,9,1,0
BRDA:345,10,0,0
BRDA:345,10,1,0
BRDA:385,11,0,0
BRDA:385,11,1,0
BRDA:429,12,0,0
BRDA:429,12,1,0
BRDA:505,13,0,0
BRDA:505,13,1,0
BRF:28
BRH:0
end_of_record
TN:
SF:src\utils\google-meet.ts
FN:26,(anonymous_1)
FN:64,(anonymous_2)
FN:143,(anonymous_3)
FN:216,(anonymous_4)
FNF:4
FNH:0
FNDA:0,(anonymous_1)
FNDA:0,(anonymous_2)
FNDA:0,(anonymous_3)
FNDA:0,(anonymous_4)
DA:2,0
DA:3,0
DA:4,0
DA:6,0
DA:27,0
DA:31,0
DA:33,0
DA:34,0
DA:38,0
DA:41,0
DA:45,0
DA:49,0
DA:52,0
DA:53,0
DA:55,0
DA:56,0
DA:67,0
DA:74,0
DA:77,0
DA:78,0
DA:79,0
DA:82,0
DA:83,0
DA:85,0
DA:90,0
DA:113,0
DA:119,0
DA:121,0
DA:125,0
DA:126,0
DA:128,0
DA:135,0
DA:136,0
DA:147,0
DA:149,0
DA:155,0
DA:157,0
DA:160,0
DA:163,0
DA:164,0
DA:165,0
DA:167,0
DA:168,0
DA:172,0
DA:173,0
DA:176,0
DA:178,0
DA:181,0
DA:183,0
DA:186,0
DA:193,0
DA:197,0
DA:201,0
DA:208,0
DA:209,0
DA:217,0
DA:218,0
DA:223,0
DA:225,0
DA:226,0
DA:232,0
LF:61
LH:0
BRDA:31,0,0,0
BRDA:31,0,1,0
BRDA:73,1,0,0
BRDA:119,2,0,0
BRDA:119,2,1,0
BRDA:121,3,0,0
BRDA:121,3,1,0
BRDA:121,3,2,0
BRDA:155,4,0,0
BRDA:155,4,1,0
BRDA:155,5,0,0
BRDA:155,5,1,0
BRDA:157,6,0,0
BRDA:157,6,1,0
BRDA:160,7,0,0
BRDA:160,7,1,0
BRDA:169,8,0,0
BRDA:169,8,1,0
BRDA:176,9,0,0
BRDA:176,9,1,0
BRDA:176,10,0,0
BRDA:176,10,1,0
BRDA:178,11,0,0
BRDA:178,11,1,0
BRDA:181,12,0,0
BRDA:181,12,1,0
BRDA:197,13,0,0
BRDA:197,13,1,0
BRDA:197,13,2,0
BRF:29
BRH:0
end_of_record
TN:
SF:src\utils\googleMeet.ts
FN:29,(anonymous_1)
FN:68,(anonymous_2)
FN:80,(anonymous_3)
FN:105,(anonymous_4)
FN:153,(anonymous_5)
FN:180,(anonymous_6)
FN:206,(anonymous_7)
FN:229,(anonymous_8)
FNF:8
FNH:0
FNDA:0,(anonymous_1)
FNDA:0,(anonymous_2)
FNDA:0,(anonymous_3)
FNDA:0,(anonymous_4)
FNDA:0,(anonymous_5)
FNDA:0,(anonymous_6)
FNDA:0,(anonymous_7)
FNDA:0,(anonymous_8)
DA:2,0
DA:3,0
DA:4,0
DA:26,0
DA:27,0
DA:31,0
DA:36,0
DA:38,0
DA:41,0
DA:51,0
DA:52,0
DA:54,0
DA:56,0
DA:59,0
DA:69,0
DA:87,0
DA:88,0
DA:93,0
DA:94,0
DA:105,0
DA:123,0
DA:130,0
DA:132,0
DA:141,0
DA:145,0
DA:154,0
DA:155,0
DA:158,0
DA:159,0
DA:165,0
DA:168,0
DA:170,0
DA:171,0
DA:181,0
DA:182,0
DA:185,0
DA:186,0
DA:193,0
DA:195,0
DA:197,0
DA:198,0
DA:207,0
DA:208,0
DA:211,0
DA:212,0
DA:218,0
DA:220,0
DA:221,0
DA:236,0
DA:237,0
DA:239,0
DA:247,0
DA:248,0
DA:251,0
DA:256,0
LF:55
LH:0
BRDA:31,0,0,0
BRDA:31,0,1,0
BRDA:32,1,0,0
BRDA:32,1,1,0
BRDA:32,1,2,0
BRDA:69,2,0,0
BRDA:69,2,1,0
BRDA:85,3,0,0
BRDA:87,4,0,0
BRDA:87,4,1,0
BRDA:135,5,0,0
BRDA:135,5,1,0
BRDA:154,6,0,0
BRDA:154,6,1,0
BRDA:165,7,0,0
BRDA:165,7,1,0
BRDA:168,8,0,0
BRDA:168,8,1,0
BRDA:181,9,0,0
BRDA:181,9,1,0
BRDA:207,10,0,0
BRDA:207,10,1,0
BRDA:244,11,0,0
BRDA:244,11,1,0
BRDA:247,12,0,0
BRDA:247,12,1,0
BRF:26
BRH:0
end_of_record
TN:
SF:src\utils\jwt.ts
FN:12,signAccessToken
FN:18,signRefreshToken
FN:24,verifyAccessToken
FN:29,verifyRefreshToken
FNF:4
FNH:0
FNDA:0,signAccessToken
FNDA:0,signRefreshToken
FNDA:0,verifyAccessToken
FNDA:0,verifyRefreshToken
DA:2,0
DA:3,0
DA:12,0
DA:13,0
DA:18,0
DA:19,0
DA:24,0
DA:25,0
DA:26,0
DA:29,0
DA:30,0
DA:31,0
LF:12
LH:0
BRF:0
BRH:0
end_of_record
TN:
SF:src\utils\otp.ts
FN:7,generateOtp
FN:14,hashOtp
FN:21,verifyOtp
FNF:3
FNH:0
FNDA:0,generateOtp
FNDA:0,hashOtp
FNDA:0,verifyOtp
DA:2,0
DA:7,0
DA:8,0
DA:14,0
DA:15,0
DA:21,0
DA:22,0
DA:23,0
LF:8
LH:0
BRF:0
BRH:0
end_of_record
TN:
SF:src\utils\password.ts
FN:11,hashPassword
FN:22,verifyPassword
FNF:2
FNH:0
FNDA:0,hashPassword
FNDA:0,verifyPassword
DA:2,0
DA:4,0
DA:11,0
DA:12,0
DA:13,0
DA:22,0
DA:26,0
DA:27,0
LF:8
LH:0
BRF:0
BRH:0
end_of_record
TN:
SF:src\utils\razorpay.ts
FN:19,(anonymous_1)
FN:41,(anonymous_2)
FN:52,(anonymous_3)
FN:89,(anonymous_4)
FN:127,(anonymous_5)
FN:149,(anonymous_6)
FN:167,(anonymous_7)
FN:186,(anonymous_8)
FN:216,(anonymous_9)
FN:264,(anonymous_10)
FN:282,(anonymous_11)
FNF:11
FNH:0
FNDA:0,(anonymous_1)
FNDA:0,(anonymous_2)
FNDA:0,(anonymous_3)
FNDA:0,(anonymous_4)
FNDA:0,(anonymous_5)
FNDA:0,(anonymous_6)
FNDA:0,(anonymous_7)
FNDA:0,(anonymous_8)
FNDA:0,(anonymous_9)
FNDA:0,(anonymous_10)
FNDA:0,(anonymous_11)
DA:2,0
DA:3,0
DA:4,0
DA:5,0
DA:17,0
DA:21,0
DA:22,0
DA:23,0
DA:27,0
DA:29,0
DA:32,0
DA:42,0
DA:58,0
DA:59,0
DA:64,0
DA:65,0
DA:72,0
DA:74,0
DA:76,0
DA:78,0
DA:79,0
DA:94,0
DA:95,0
DA:98,0
DA:100,0
DA:101,0
DA:107,0
DA:109,0
DA:110,0
DA:112,0
DA:115,0
DA:117,0
DA:118,0
DA:128,0
DA:129,0
DA:132,0
DA:133,0
DA:138,0
DA:140,0
DA:141,0
DA:150,0
DA:151,0
DA:154,0
DA:155,0
DA:156,0
DA:158,0
DA:159,0
DA:168,0
DA:169,0
DA:172,0
DA:173,0
DA:174,0
DA:176,0
DA:177,0
DA:187,0
DA:188,0
DA:191,0
DA:192,0
DA:193,0
DA:194,0
DA:197,0
DA:199,0
DA:201,0
DA:203,0
DA:204,0
DA:223,0
DA:224,0
DA:227,0
DA:228,0
DA:249,0
DA:251,0
DA:253,0
DA:255,0
DA:256,0
DA:265,0
DA:266,0
DA:269,0
DA:270,0
DA:271,0
DA:273,0
DA:274,0
DA:283,0
DA:284,0
DA:287,0
DA:288,0
DA:289,0
DA:290,0
DA:292,0
DA:293,0
DA:299,0
LF:90
LH:0
BRDA:21,0,0,0
BRDA:21,0,1,0
BRDA:21,1,0,0
BRDA:21,1,1,0
BRDA:54,2,0,0
BRDA:58,3,0,0
BRDA:58,3,1,0
BRDA:69,4,0,0
BRDA:69,4,1,0
BRDA:94,5,0,0
BRDA:94,5,1,0
BRDA:109,6,0,0
BRDA:109,6,1,0
BRDA:128,7,0,0
BRDA:128,7,1,0
BRDA:150,8,0,0
BRDA:150,8,1,0
BRDA:168,9,0,0
BRDA:168,9,1,0
BRDA:187,10,0,0
BRDA:187,10,1,0
BRDA:193,11,0,0
BRDA:193,11,1,0
BRDA:223,12,0,0
BRDA:223,12,1,0
BRDA:234,13,0,0
BRDA:234,13,1,0
BRDA:265,14,0,0
BRDA:265,14,1,0
BRDA:283,15,0,0
BRDA:283,15,1,0
BRF:31
BRH:0
end_of_record
TN:
SF:src\utils\response.ts
FN:16,ok
FN:25,created
FN:34,error
FNF:3
FNH:0
FNDA:0,ok
FNDA:0,created
FNDA:0,error
DA:16,0
DA:17,0
DA:22,0
DA:25,0
DA:26,0
DA:31,0
DA:34,0
DA:40,0
DA:45,0
LF:9
LH:0
BRF:0
BRH:0
end_of_record
TN:
SF:src\validations\appointment.validations.ts
FN:55,validateCreateAppointment
FN:93,validateRescheduleAppointment
FN:122,validateUpdateStatus
FN:143,validateCancelAppointment
FN:166,validateAvailabilityQuery
FNF:5
FNH:0
FNDA:0,validateCreateAppointment
FNDA:0,validateRescheduleAppointment
FNDA:0,validateUpdateStatus
FNDA:0,validateCancelAppointment
FNDA:0,validateAvailabilityQuery
DA:2,0
DA:39,0
DA:46,0
DA:55,0
DA:56,0
DA:57,0
DA:59,0
DA:60,0
DA:62,0
DA:63,0
DA:65,0
DA:66,0
DA:69,0
DA:70,0
DA:71,0
DA:76,0
DA:83,0
DA:84,0
DA:85,0
DA:86,0
DA:87,0
DA:88,0
DA:90,0
DA:93,0
DA:97,0
DA:98,0
DA:99,0
DA:101,0
DA:102,0
DA:104,0
DA:105,0
DA:106,0
DA:111,0
DA:116,0
DA:117,0
DA:119,0
DA:122,0
DA:123,0
DA:124,0
DA:125,0
DA:128,0
DA:129,0
DA:130,0
DA:133,0
DA:138,0
DA:140,0
DA:143,0
DA:147,0
DA:148,0
DA:149,0
DA:152,0
DA:157,0
DA:160,0
DA:166,0
DA:167,0
DA:168,0
DA:171,0
DA:172,0
DA:175,0
DA:176,0
DA:180,0
DA:181,0
DA:182,0
DA:185,0
DA:186,0
DA:187,0
DA:190,0
LF:67
LH:0
BRDA:56,0,0,0
BRDA:56,0,1,0
BRDA:59,1,0,0
BRDA:59,1,1,0
BRDA:62,2,0,0
BRDA:62,2,1,0
BRDA:62,3,0,0
BRDA:62,3,1,0
BRDA:65,4,0,0
BRDA:65,4,1,0
BRDA:70,5,0,0
BRDA:70,5,1,0
BRDA:83,6,0,0
BRDA:83,6,1,0
BRDA:84,7,0,0
BRDA:84,7,1,0
BRDA:86,8,0,0
BRDA:86,8,1,0
BRDA:87,9,0,0
BRDA:87,9,1,0
BRDA:98,10,0,0
BRDA:98,10,1,0
BRDA:101,11,0,0
BRDA:101,11,1,0
BRDA:105,12,0,0
BRDA:105,12,1,0
BRDA:116,13,0,0
BRDA:116,13,1,0
BRDA:124,14,0,0
BRDA:124,14,1,0
BRDA:129,15,0,0
BRDA:129,15,1,0
BRDA:138,16,0,0
BRDA:138,16,1,0
BRDA:148,17,0,0
BRDA:148,17,1,0
BRDA:152,18,0,0
BRDA:152,18,1,0
BRDA:153,19,0,0
BRDA:153,19,1,0
BRDA:153,19,2,0
BRDA:167,20,0,0
BRDA:167,20,1,0
BRDA:171,21,0,0
BRDA:171,21,1,0
BRDA:175,22,0,0
BRDA:175,22,1,0
BRDA:181,23,0,0
BRDA:181,23,1,0
BRDA:186,24,0,0
BRDA:186,24,1,0
BRF:51
BRH:0
end_of_record
TN:
SF:src\validations\auth.validations.ts
FN:74,validate
FN:75,(anonymous_2)
FN:82,(anonymous_3)
FNF:3
FNH:0
FNDA:0,validate
FNDA:0,(anonymous_2)
FNDA:0,(anonymous_3)
DA:2,0
DA:4,0
DA:7,0
DA:17,0
DA:34,0
DA:48,0
DA:61,0
DA:67,0
DA:75,0
DA:76,0
DA:81,0
DA:82,0
DA:87,0
DA:90,0
DA:91,0
DA:96,0
DA:97,0
DA:98,0
DA:99,0
DA:102,0
DA:103,0
LF:21
LH:0
BRDA:81,0,0,0
BRDA:81,0,1,0
BRF:2
BRH:0
end_of_record
TN:
SF:src\validations\centre.validation.ts
FN:73,validate
FN:74,(anonymous_2)
FN:81,(anonymous_3)
FNF:3
FNH:0
FNDA:0,validate
FNDA:0,(anonymous_2)
FNDA:0,(anonymous_3)
DA:2,0
DA:4,0
DA:6,0
DA:42,0
DA:74,0
DA:75,0
DA:80,0
DA:81,0
DA:86,0
DA:89,0
DA:90,0
DA:94,0
DA:95,0
LF:13
LH:0
BRDA:80,0,0,0
BRDA:80,0,1,0
BRF:2
BRH:0
end_of_record
TN:
SF:src\validations\patient.validation.ts
FN:28,validateCreatePatient
FN:86,validateUpdatePatient
FN:120,validateAddMedicalNote
FNF:3
FNH:0
FNDA:0,validateCreatePatient
FNDA:0,validateUpdatePatient
FNDA:0,validateAddMedicalNote
DA:2,0
DA:28,0
DA:29,0
DA:30,0
DA:34,0
DA:35,0
DA:36,0
DA:37,0
DA:42,0
DA:47,0
DA:50,0
DA:55,0
DA:56,0
DA:57,0
DA:58,0
DA:60,0
DA:63,0
DA:64,0
DA:67,0
DA:68,0
DA:71,0
DA:72,0
DA:75,0
DA:76,0
DA:79,0
DA:80,0
DA:83,0
DA:86,0
DA:87,0
DA:89,0
DA:90,0
DA:93,0
DA:94,0
DA:97,0
DA:98,0
DA:101,0
DA:102,0
DA:105,0
DA:106,0
DA:109,0
DA:110,0
DA:113,0
DA:114,0
DA:117,0
DA:120,0
DA:121,0
DA:126,0
DA:129,0
LF:48
LH:0
BRDA:29,0,0,0
BRDA:29,0,1,0
BRDA:29,1,0,0
BRDA:29,1,1,0
BRDA:36,2,0,0
BRDA:36,2,1,0
BRDA:42,3,0,0
BRDA:42,3,1,0
BRDA:43,4,0,0
BRDA:43,4,1,0
BRDA:43,4,2,0
BRDA:55,5,0,0
BRDA:55,5,1,0
BRDA:57,6,0,0
BRDA:57,6,1,0
BRDA:63,7,0,0
BRDA:63,7,1,0
BRDA:67,8,0,0
BRDA:67,8,1,0
BRDA:71,9,0,0
BRDA:71,9,1,0
BRDA:75,10,0,0
BRDA:75,10,1,0
BRDA:79,11,0,0
BRDA:79,11,1,0
BRDA:89,12,0,0
BRDA:89,12,1,0
BRDA:93,13,0,0
BRDA:93,13,1,0
BRDA:97,14,0,0
BRDA:97,14,1,0
BRDA:101,15,0,0
BRDA:101,15,1,0
BRDA:105,16,0,0
BRDA:105,16,1,0
BRDA:109,17,0,0
BRDA:109,17,1,0
BRDA:113,18,0,0
BRDA:113,18,1,0
BRDA:121,19,0,0
BRDA:121,19,1,0
BRDA:122,20,0,0
BRDA:122,20,1,0
BRDA:122,20,2,0
BRF:44
BRH:0
end_of_record
TN:
SF:src\validations\payment.validation.ts
FN:20,validateCreateOrder
FN:35,validateVerifyPayment
FN:58,validateCreateRefund
FN:87,validateWebhookPayload
FNF:4
FNH:0
FNDA:0,validateCreateOrder
FNDA:0,validateVerifyPayment
FNDA:0,validateCreateRefund
FNDA:0,validateWebhookPayload
DA:2,0
DA:20,0
DA:21,0
DA:22,0
DA:25,0
DA:26,0
DA:27,0
DA:30,0
DA:35,0
DA:36,0
DA:37,0
DA:40,0
DA:44,0
DA:47,0
DA:48,0
DA:51,0
DA:58,0
DA:59,0
DA:60,0
DA:63,0
DA:64,0
DA:65,0
DA:68,0
DA:72,0
DA:73,0
DA:74,0
DA:75,0
DA:77,0
DA:80,0
DA:81,0
DA:84,0
DA:87,0
DA:88,0
DA:89,0
DA:92,0
DA:93,0
DA:96,0
LF:37
LH:0
BRDA:21,0,0,0
BRDA:21,0,1,0
BRDA:26,1,0,0
BRDA:26,1,1,0
BRDA:26,2,0,0
BRDA:26,2,1,0
BRDA:36,3,0,0
BRDA:36,3,1,0
BRDA:36,4,0,0
BRDA:36,4,1,0
BRDA:40,5,0,0
BRDA:40,5,1,0
BRDA:41,6,0,0
BRDA:41,6,1,0
BRDA:47,7,0,0
BRDA:47,7,1,0
BRDA:47,8,0,0
BRDA:47,8,1,0
BRDA:59,9,0,0
BRDA:59,9,1,0
BRDA:64,10,0,0
BRDA:64,10,1,0
BRDA:64,11,0,0
BRDA:64,11,1,0
BRDA:72,12,0,0
BRDA:72,12,1,0
BRDA:74,13,0,0
BRDA:74,13,1,0
BRDA:74,14,0,0
BRDA:74,14,1,0
BRDA:80,15,0,0
BRDA:80,15,1,0
BRDA:88,16,0,0
BRDA:88,16,1,0
BRDA:88,17,0,0
BRDA:88,17,1,0
BRDA:92,18,0,0
BRDA:92,18,1,0
BRF:38
BRH:0
end_of_record
TN:
SF:src\validations\staff.validation.ts
FN:63,validateCreateStaffUser
FN:144,validateUpdateStaffUser
FN:185,validateCreateClinician
FN:261,(anonymous_3)
FN:268,(anonymous_4)
FN:274,validateUpdateClinician
FN:343,validateUpdateClinicianAvailability
FNF:7
FNH:4
FNDA:0,validateCreateStaffUser
FNDA:0,validateUpdateStaffUser
FNDA:27,validateCreateClinician
FNDA:21,(anonymous_3)
FNDA:17,(anonymous_4)
FNDA:15,validateUpdateClinician
FNDA:0,validateUpdateClinicianAvailability
DA:2,1
DA:63,1
DA:64,0
DA:69,0
DA:72,0
DA:73,0
DA:77,0
DA:78,0
DA:79,0
DA:80,0
DA:85,0
DA:90,0
DA:95,0
DA:100,0
DA:103,0
DA:108,0
DA:111,0
DA:119,0
DA:120,0
DA:121,0
DA:122,0
DA:124,0
DA:127,0
DA:128,0
DA:129,0
DA:130,0
DA:134,0
DA:137,0
DA:138,0
DA:141,0
DA:144,1
DA:145,0
DA:147,0
DA:148,0
DA:152,0
DA:154,0
DA:157,0
DA:158,0
DA:159,0
DA:160,0
DA:161,0
DA:163,0
DA:166,0
DA:167,0
DA:168,0
DA:169,0
DA:171,0
DA:174,0
DA:175,0
DA:178,0
DA:179,0
DA:182,0
DA:185,1
DA:186,27
DA:187,2
DA:190,25
DA:191,2
DA:194,23
DA:199,4
DA:202,19
DA:208,19
DA:209,18
DA:212,19
DA:213,18
DA:216,19
DA:217,18
DA:220,19
DA:221,18
DA:224,19
DA:225,18
DA:226,2
DA:228,16
DA:229,16
DA:230,30
DA:231,2
DA:236,14
DA:239,15
DA:240,14
DA:241,14
DA:242,2
DA:246,12
DA:249,13
DA:250,0
DA:253,13
DA:254,12
DA:257,13
DA:258,12
DA:259,2
DA:261,21
DA:264,11
DA:265,10
DA:266,2
DA:268,17
DA:271,9
DA:274,1
DA:275,15
DA:277,15
DA:278,1
DA:281,15
DA:282,4
DA:286,2
DA:288,2
DA:291,13
DA:292,1
DA:295,13
DA:296,3
DA:299,13
DA:300,2
DA:303,13
DA:304,1
DA:307,13
DA:308,3
DA:309,0
DA:311,3
DA:312,3
DA:313,3
DA:314,2
DA:319,1
DA:322,11
DA:323,3
DA:324,3
DA:325,2
DA:329,1
DA:332,9
DA:333,0
DA:336,9
DA:337,2
DA:340,7
DA:343,1
DA:346,0
DA:347,0
DA:350,0
DA:352,0
DA:353,0
DA:354,0
DA:359,0
DA:364,0
DA:369,0
DA:370,0
DA:373,0
DA:374,0
DA:377,0
DA:378,0
DA:381,0
DA:385,0
DA:390,0
DA:400,0
LF:147
LH:77
BRDA:64,0,0,0
BRDA:64,0,1,0
BRDA:65,1,0,0
BRDA:65,1,1,0
BRDA:65,1,2,0
BRDA:72,2,0,0
BRDA:72,2,1,0
BRDA:72,3,0,0
BRDA:72,3,1,0
BRDA:79,4,0,0
BRDA:79,4,1,0
BRDA:85,5,0,0
BRDA:85,5,1,0
BRDA:86,6,0,0
BRDA:86,6,1,0
BRDA:86,6,2,0
BRDA:95,7,0,0
BRDA:95,7,1,0
BRDA:96,8,0,0
BRDA:96,8,1,0
BRDA:96,8,2,0
BRDA:103,9,0,0
BRDA:103,9,1,0
BRDA:104,10,0,0
BRDA:104,10,1,0
BRDA:104,10,2,0
BRDA:119,11,0,0
BRDA:119,11,1,0
BRDA:121,12,0,0
BRDA:121,12,1,0
BRDA:127,13,0,0
BRDA:127,13,1,0
BRDA:129,14,0,0
BRDA:129,14,1,0
BRDA:137,15,0,0
BRDA:137,15,1,0
BRDA:147,16,0,0
BRDA:147,16,1,0
BRDA:148,17,0,0
BRDA:148,17,1,0
BRDA:149,18,0,0
BRDA:149,18,1,0
BRDA:157,19,0,0
BRDA:157,19,1,0
BRDA:160,20,0,0
BRDA:160,20,1,0
BRDA:166,21,0,0
BRDA:166,21,1,0
BRDA:168,22,0,0
BRDA:168,22,1,0
BRDA:174,23,0,0
BRDA:174,23,1,0
BRDA:178,24,0,0
BRDA:178,24,1,0
BRDA:186,25,0,2
BRDA:186,25,1,25
BRDA:190,26,0,2
BRDA:190,26,1,23
BRDA:194,27,0,4
BRDA:194,27,1,19
BRDA:195,28,0,23
BRDA:195,28,1,21
BRDA:195,28,2,21
BRDA:208,29,0,18
BRDA:208,29,1,1
BRDA:212,30,0,18
BRDA:212,30,1,1
BRDA:216,31,0,18
BRDA:216,31,1,1
BRDA:220,32,0,18
BRDA:220,32,1,1
BRDA:224,33,0,18
BRDA:224,33,1,1
BRDA:225,34,0,2
BRDA:225,34,1,16
BRDA:230,35,0,2
BRDA:230,35,1,28
BRDA:239,36,0,14
BRDA:239,36,1,1
BRDA:241,37,0,2
BRDA:241,37,1,12
BRDA:241,38,0,14
BRDA:241,38,1,14
BRDA:249,39,0,0
BRDA:249,39,1,13
BRDA:253,40,0,12
BRDA:253,40,1,1
BRDA:257,41,0,12
BRDA:257,41,1,1
BRDA:258,42,0,2
BRDA:258,42,1,10
BRDA:264,43,0,10
BRDA:264,43,1,1
BRDA:265,44,0,2
BRDA:265,44,1,8
BRDA:277,45,0,1
BRDA:277,45,1,14
BRDA:281,46,0,4
BRDA:281,46,1,11
BRDA:282,47,0,2
BRDA:282,47,1,2
BRDA:283,48,0,4
BRDA:283,48,1,4
BRDA:291,49,0,1
BRDA:291,49,1,12
BRDA:295,50,0,3
BRDA:295,50,1,10
BRDA:299,51,0,2
BRDA:299,51,1,11
BRDA:303,52,0,1
BRDA:303,52,1,12
BRDA:307,53,0,3
BRDA:307,53,1,10
BRDA:308,54,0,0
BRDA:308,54,1,3
BRDA:313,55,0,2
BRDA:313,55,1,1
BRDA:322,56,0,3
BRDA:322,56,1,8
BRDA:324,57,0,2
BRDA:324,57,1,1
BRDA:324,58,0,3
BRDA:324,58,1,3
BRDA:332,59,0,0
BRDA:332,59,1,9
BRDA:336,60,0,2
BRDA:336,60,1,7
BRDA:346,61,0,0
BRDA:346,61,1,0
BRDA:346,62,0,0
BRDA:346,62,1,0
BRDA:353,63,0,0
BRDA:353,63,1,0
BRDA:359,64,0,0
BRDA:359,64,1,0
BRDA:360,65,0,0
BRDA:360,65,1,0
BRDA:360,65,2,0
BRDA:369,66,0,0
BRDA:369,66,1,0
BRDA:369,67,0,0
BRDA:369,67,1,0
BRDA:373,68,0,0
BRDA:373,68,1,0
BRDA:373,69,0,0
BRDA:373,69,1,0
BRDA:377,70,0,0
BRDA:377,70,1,0
BRDA:377,71,0,0
BRDA:377,71,1,0
BRDA:381,72,0,0
BRDA:381,72,1,0
BRDA:382,73,0,0
BRDA:382,73,1,0
BRF:154
BRH:70
end_of_record
